Start testing: Oct 06 19:15 IST
----------------------------------------------------------
1/23 Testing: wrapping_integers_cmp
1/23 Test: wrapping_integers_cmp
Command: "/home/rag/Desktop/CN/ComputerNetworks/Ass2/assignment2/build/tests/wrapping_integers_cmp"
Directory: /home/rag/Desktop/CN/ComputerNetworks/Ass2/assignment2/build/tests
"wrapping_integers_cmp" start time: Oct 06 19:15 IST
Output:
----------------------------------------------------------
<end of output>
Test time =   0.00 sec
----------------------------------------------------------
Test Passed.
"wrapping_integers_cmp" end time: Oct 06 19:15 IST
"wrapping_integers_cmp" time elapsed: 00:00:00
----------------------------------------------------------

2/23 Testing: wrapping_integers_unwrap
2/23 Test: wrapping_integers_unwrap
Command: "/home/rag/Desktop/CN/ComputerNetworks/Ass2/assignment2/build/tests/wrapping_integers_unwrap"
Directory: /home/rag/Desktop/CN/ComputerNetworks/Ass2/assignment2/build/tests
"wrapping_integers_unwrap" start time: Oct 06 19:15 IST
Output:
----------------------------------------------------------
<end of output>
Test time =   0.00 sec
----------------------------------------------------------
Test Passed.
"wrapping_integers_unwrap" end time: Oct 06 19:15 IST
"wrapping_integers_unwrap" time elapsed: 00:00:00
----------------------------------------------------------

3/23 Testing: wrapping_integers_wrap
3/23 Test: wrapping_integers_wrap
Command: "/home/rag/Desktop/CN/ComputerNetworks/Ass2/assignment2/build/tests/wrapping_integers_wrap"
Directory: /home/rag/Desktop/CN/ComputerNetworks/Ass2/assignment2/build/tests
"wrapping_integers_wrap" start time: Oct 06 19:15 IST
Output:
----------------------------------------------------------
<end of output>
Test time =   0.00 sec
----------------------------------------------------------
Test Passed.
"wrapping_integers_wrap" end time: Oct 06 19:15 IST
"wrapping_integers_wrap" time elapsed: 00:00:00
----------------------------------------------------------

4/23 Testing: wrapping_integers_roundtrip
4/23 Test: wrapping_integers_roundtrip
Command: "/home/rag/Desktop/CN/ComputerNetworks/Ass2/assignment2/build/tests/wrapping_integers_roundtrip"
Directory: /home/rag/Desktop/CN/ComputerNetworks/Ass2/assignment2/build/tests
"wrapping_integers_roundtrip" start time: Oct 06 19:15 IST
Output:
----------------------------------------------------------
<end of output>
Test time =   0.39 sec
----------------------------------------------------------
Test Passed.
"wrapping_integers_roundtrip" end time: Oct 06 19:15 IST
"wrapping_integers_roundtrip" time elapsed: 00:00:00
----------------------------------------------------------

5/23 Testing: byte_stream_construction
5/23 Test: byte_stream_construction
Command: "/home/rag/Desktop/CN/ComputerNetworks/Ass2/assignment2/build/tests/byte_stream_construction"
Directory: /home/rag/Desktop/CN/ComputerNetworks/Ass2/assignment2/build/tests
"byte_stream_construction" start time: Oct 06 19:15 IST
Output:
----------------------------------------------------------
<end of output>
Test time =   0.00 sec
----------------------------------------------------------
Test Passed.
"byte_stream_construction" end time: Oct 06 19:15 IST
"byte_stream_construction" time elapsed: 00:00:00
----------------------------------------------------------

6/23 Testing: byte_stream_one_write
6/23 Test: byte_stream_one_write
Command: "/home/rag/Desktop/CN/ComputerNetworks/Ass2/assignment2/build/tests/byte_stream_one_write"
Directory: /home/rag/Desktop/CN/ComputerNetworks/Ass2/assignment2/build/tests
"byte_stream_one_write" start time: Oct 06 19:15 IST
Output:
----------------------------------------------------------
<end of output>
Test time =   0.00 sec
----------------------------------------------------------
Test Passed.
"byte_stream_one_write" end time: Oct 06 19:15 IST
"byte_stream_one_write" time elapsed: 00:00:00
----------------------------------------------------------

7/23 Testing: byte_stream_two_writes
7/23 Test: byte_stream_two_writes
Command: "/home/rag/Desktop/CN/ComputerNetworks/Ass2/assignment2/build/tests/byte_stream_two_writes"
Directory: /home/rag/Desktop/CN/ComputerNetworks/Ass2/assignment2/build/tests
"byte_stream_two_writes" start time: Oct 06 19:15 IST
Output:
----------------------------------------------------------
<end of output>
Test time =   0.00 sec
----------------------------------------------------------
Test Passed.
"byte_stream_two_writes" end time: Oct 06 19:15 IST
"byte_stream_two_writes" time elapsed: 00:00:00
----------------------------------------------------------

8/23 Testing: byte_stream_capacity
8/23 Test: byte_stream_capacity
Command: "/home/rag/Desktop/CN/ComputerNetworks/Ass2/assignment2/build/tests/byte_stream_capacity"
Directory: /home/rag/Desktop/CN/ComputerNetworks/Ass2/assignment2/build/tests
"byte_stream_capacity" start time: Oct 06 19:15 IST
Output:
----------------------------------------------------------
<end of output>
Test time =   1.30 sec
----------------------------------------------------------
Test Passed.
"byte_stream_capacity" end time: Oct 06 19:15 IST
"byte_stream_capacity" time elapsed: 00:00:01
----------------------------------------------------------

9/23 Testing: byte_stream_many_writes
9/23 Test: byte_stream_many_writes
Command: "/home/rag/Desktop/CN/ComputerNetworks/Ass2/assignment2/build/tests/byte_stream_many_writes"
Directory: /home/rag/Desktop/CN/ComputerNetworks/Ass2/assignment2/build/tests
"byte_stream_many_writes" start time: Oct 06 19:15 IST
Output:
----------------------------------------------------------
<end of output>
Test time =   0.00 sec
----------------------------------------------------------
Test Passed.
"byte_stream_many_writes" end time: Oct 06 19:15 IST
"byte_stream_many_writes" time elapsed: 00:00:00
----------------------------------------------------------

10/23 Testing: recv_connect
10/23 Test: recv_connect
Command: "/home/rag/Desktop/CN/ComputerNetworks/Ass2/assignment2/build/tests/recv_connect"
Directory: /home/rag/Desktop/CN/ComputerNetworks/Ass2/assignment2/build/tests
"recv_connect" start time: Oct 06 19:15 IST
Output:
----------------------------------------------------------
Test Failure on expectation:
	Expectation: window 4000

Failure message:
	The TCPReceiver reported window `0`, but it was expected to be `4000`

List of steps that executed successfully:
	Initialized with (capacity=4000)

The TCPReceiver reported window `0`, but it was expected to be `4000`
<end of output>
Test time =   0.00 sec
----------------------------------------------------------
Test Failed.
"recv_connect" end time: Oct 06 19:15 IST
"recv_connect" time elapsed: 00:00:00
----------------------------------------------------------

11/23 Testing: recv_transmit
11/23 Test: recv_transmit
Command: "/home/rag/Desktop/CN/ComputerNetworks/Ass2/assignment2/build/tests/recv_transmit"
Directory: /home/rag/Desktop/CN/ComputerNetworks/Ass2/assignment2/build/tests
"recv_transmit" start time: Oct 06 19:15 IST
Output:
----------------------------------------------------------
Test Failure on expectation:
	Action:      segment arrives Header(flags=S,seqno=0,ack=0,win=0)

Failure message:
	TCPReceiver::segment_received() reported `(no SYN received, so no ackno available)` in response to `Header(flags=S,seqno=0,ack=0,win=0)`, but it was expected to report `(SYN received, so ackno available)`

List of steps that executed successfully:
	Initialized with (capacity=4000)

TCPReceiver::segment_received() reported `(no SYN received, so no ackno available)` in response to `Header(flags=S,seqno=0,ack=0,win=0)`, but it was expected to report `(SYN received, so ackno available)`
<end of output>
Test time =   0.00 sec
----------------------------------------------------------
Test Failed.
"recv_transmit" end time: Oct 06 19:15 IST
"recv_transmit" time elapsed: 00:00:00
----------------------------------------------------------

12/23 Testing: recv_window
12/23 Test: recv_window
Command: "/home/rag/Desktop/CN/ComputerNetworks/Ass2/assignment2/build/tests/recv_window"
Directory: /home/rag/Desktop/CN/ComputerNetworks/Ass2/assignment2/build/tests
"recv_window" start time: Oct 06 19:15 IST
Output:
----------------------------------------------------------
Test Failure on expectation:
	Action:      segment arrives Header(flags=S,seqno=23452,ack=0,win=0)

Failure message:
	TCPReceiver::segment_received() reported `(no SYN received, so no ackno available)` in response to `Header(flags=S,seqno=23452,ack=0,win=0)`, but it was expected to report `(SYN received, so ackno available)`

List of steps that executed successfully:
	Initialized with (capacity=4000)

TCPReceiver::segment_received() reported `(no SYN received, so no ackno available)` in response to `Header(flags=S,seqno=23452,ack=0,win=0)`, but it was expected to report `(SYN received, so ackno available)`
<end of output>
Test time =   0.00 sec
----------------------------------------------------------
Test Failed.
"recv_window" end time: Oct 06 19:15 IST
"recv_window" time elapsed: 00:00:00
----------------------------------------------------------

13/23 Testing: recv_reorder
13/23 Test: recv_reorder
Command: "/home/rag/Desktop/CN/ComputerNetworks/Ass2/assignment2/build/tests/recv_reorder"
Directory: /home/rag/Desktop/CN/ComputerNetworks/Ass2/assignment2/build/tests
"recv_reorder" start time: Oct 06 19:15 IST
Output:
----------------------------------------------------------
Test Failure on expectation:
	Action:      segment arrives Header(flags=S,seqno=2608496639,ack=0,win=0)

Failure message:
	TCPReceiver::segment_received() reported `(no SYN received, so no ackno available)` in response to `Header(flags=S,seqno=2608496639,ack=0,win=0)`, but it was expected to report `(SYN received, so ackno available)`

List of steps that executed successfully:
	Initialized with (capacity=2358)

TCPReceiver::segment_received() reported `(no SYN received, so no ackno available)` in response to `Header(flags=S,seqno=2608496639,ack=0,win=0)`, but it was expected to report `(SYN received, so ackno available)`
<end of output>
Test time =   0.00 sec
----------------------------------------------------------
Test Failed.
"recv_reorder" end time: Oct 06 19:15 IST
"recv_reorder" time elapsed: 00:00:00
----------------------------------------------------------

14/23 Testing: recv_close
14/23 Test: recv_close
Command: "/home/rag/Desktop/CN/ComputerNetworks/Ass2/assignment2/build/tests/recv_close"
Directory: /home/rag/Desktop/CN/ComputerNetworks/Ass2/assignment2/build/tests
"recv_close" start time: Oct 06 19:15 IST
Output:
----------------------------------------------------------
Test Failure on expectation:
	Action:      segment arrives Header(flags=S,seqno=3122147075,ack=0,win=0)

Failure message:
	TCPReceiver::segment_received() reported `(no SYN received, so no ackno available)` in response to `Header(flags=S,seqno=3122147075,ack=0,win=0)`, but it was expected to report `(SYN received, so ackno available)`

List of steps that executed successfully:
	Initialized with (capacity=4000)
	Expectation: in state `waiting for SYN: ackno is empty`

TCPReceiver::segment_received() reported `(no SYN received, so no ackno available)` in response to `Header(flags=S,seqno=3122147075,ack=0,win=0)`, but it was expected to report `(SYN received, so ackno available)`
<end of output>
Test time =   0.00 sec
----------------------------------------------------------
Test Failed.
"recv_close" end time: Oct 06 19:15 IST
"recv_close" time elapsed: 00:00:00
----------------------------------------------------------

15/23 Testing: recv_special
15/23 Test: recv_special
Command: "/home/rag/Desktop/CN/ComputerNetworks/Ass2/assignment2/build/tests/recv_special"
Directory: /home/rag/Desktop/CN/ComputerNetworks/Ass2/assignment2/build/tests
"recv_special" start time: Oct 06 19:15 IST
Output:
----------------------------------------------------------
Basic reassembly test passed!
Out-of-order reassembly test passed!
Overlapping reassembly test passed!
EOF reassembly test passed!
StreamReassembler push_substring test passed!
All tests passed!
<end of output>
Test time =   0.00 sec
----------------------------------------------------------
Test Passed.
"recv_special" end time: Oct 06 19:15 IST
"recv_special" time elapsed: 00:00:00
----------------------------------------------------------

16/23 Testing: fsm_stream_reassembler_cap
16/23 Test: fsm_stream_reassembler_cap
Command: "/home/rag/Desktop/CN/ComputerNetworks/Ass2/assignment2/build/tests/fsm_stream_reassembler_cap"
Directory: /home/rag/Desktop/CN/ComputerNetworks/Ass2/assignment2/build/tests
"fsm_stream_reassembler_cap" start time: Oct 06 19:15 IST
Output:
----------------------------------------------------------
-------------------------------------
<end of output>
Test time =   0.19 sec
----------------------------------------------------------
Test Passed.
"fsm_stream_reassembler_cap" end time: Oct 06 19:15 IST
"fsm_stream_reassembler_cap" time elapsed: 00:00:00
----------------------------------------------------------

17/23 Testing: fsm_stream_reassembler_single
17/23 Test: fsm_stream_reassembler_single
Command: "/home/rag/Desktop/CN/ComputerNetworks/Ass2/assignment2/build/tests/fsm_stream_reassembler_single"
Directory: /home/rag/Desktop/CN/ComputerNetworks/Ass2/assignment2/build/tests
"fsm_stream_reassembler_single" start time: Oct 06 19:15 IST
Output:
----------------------------------------------------------
<end of output>
Test time =   0.00 sec
----------------------------------------------------------
Test Passed.
"fsm_stream_reassembler_single" end time: Oct 06 19:15 IST
"fsm_stream_reassembler_single" time elapsed: 00:00:00
----------------------------------------------------------

18/23 Testing: fsm_stream_reassembler_seq
18/23 Test: fsm_stream_reassembler_seq
Command: "/home/rag/Desktop/CN/ComputerNetworks/Ass2/assignment2/build/tests/fsm_stream_reassembler_seq"
Directory: /home/rag/Desktop/CN/ComputerNetworks/Ass2/assignment2/build/tests
"fsm_stream_reassembler_seq" start time: Oct 06 19:15 IST
Output:
----------------------------------------------------------
<end of output>
Test time =   0.01 sec
----------------------------------------------------------
Test Passed.
"fsm_stream_reassembler_seq" end time: Oct 06 19:15 IST
"fsm_stream_reassembler_seq" time elapsed: 00:00:00
----------------------------------------------------------

19/23 Testing: fsm_stream_reassembler_dup
19/23 Test: fsm_stream_reassembler_dup
Command: "/home/rag/Desktop/CN/ComputerNetworks/Ass2/assignment2/build/tests/fsm_stream_reassembler_dup"
Directory: /home/rag/Desktop/CN/ComputerNetworks/Ass2/assignment2/build/tests
"fsm_stream_reassembler_dup" start time: Oct 06 19:15 IST
Output:
----------------------------------------------------------
<end of output>
Test time =   0.01 sec
----------------------------------------------------------
Test Passed.
"fsm_stream_reassembler_dup" end time: Oct 06 19:15 IST
"fsm_stream_reassembler_dup" time elapsed: 00:00:00
----------------------------------------------------------

20/23 Testing: fsm_stream_reassembler_holes
20/23 Test: fsm_stream_reassembler_holes
Command: "/home/rag/Desktop/CN/ComputerNetworks/Ass2/assignment2/build/tests/fsm_stream_reassembler_holes"
Directory: /home/rag/Desktop/CN/ComputerNetworks/Ass2/assignment2/build/tests
"fsm_stream_reassembler_holes" start time: Oct 06 19:15 IST
Output:
----------------------------------------------------------
<end of output>
Test time =   0.00 sec
----------------------------------------------------------
Test Passed.
"fsm_stream_reassembler_holes" end time: Oct 06 19:15 IST
"fsm_stream_reassembler_holes" time elapsed: 00:00:00
----------------------------------------------------------

21/23 Testing: fsm_stream_reassembler_many
21/23 Test: fsm_stream_reassembler_many
Command: "/home/rag/Desktop/CN/ComputerNetworks/Ass2/assignment2/build/tests/fsm_stream_reassembler_many"
Directory: /home/rag/Desktop/CN/ComputerNetworks/Ass2/assignment2/build/tests
"fsm_stream_reassembler_many" start time: Oct 06 19:15 IST
Output:
----------------------------------------------------------
<end of output>
Test time =   0.38 sec
----------------------------------------------------------
Test Passed.
"fsm_stream_reassembler_many" end time: Oct 06 19:15 IST
"fsm_stream_reassembler_many" time elapsed: 00:00:00
----------------------------------------------------------

22/23 Testing: fsm_stream_reassembler_overlapping
22/23 Test: fsm_stream_reassembler_overlapping
Command: "/home/rag/Desktop/CN/ComputerNetworks/Ass2/assignment2/build/tests/fsm_stream_reassembler_overlapping"
Directory: /home/rag/Desktop/CN/ComputerNetworks/Ass2/assignment2/build/tests
"fsm_stream_reassembler_overlapping" start time: Oct 06 19:15 IST
Output:
----------------------------------------------------------
<end of output>
Test time =   0.00 sec
----------------------------------------------------------
Test Passed.
"fsm_stream_reassembler_overlapping" end time: Oct 06 19:15 IST
"fsm_stream_reassembler_overlapping" time elapsed: 00:00:00
----------------------------------------------------------

23/23 Testing: fsm_stream_reassembler_win
23/23 Test: fsm_stream_reassembler_win
Command: "/home/rag/Desktop/CN/ComputerNetworks/Ass2/assignment2/build/tests/fsm_stream_reassembler_win"
Directory: /home/rag/Desktop/CN/ComputerNetworks/Ass2/assignment2/build/tests
"fsm_stream_reassembler_win" start time: Oct 06 19:15 IST
Output:
----------------------------------------------------------
<end of output>
Test time =   0.32 sec
----------------------------------------------------------
Test Passed.
"fsm_stream_reassembler_win" end time: Oct 06 19:15 IST
"fsm_stream_reassembler_win" time elapsed: 00:00:00
----------------------------------------------------------

End testing: Oct 06 19:15 IST
