Start testing: Oct 07 02:02 IST
----------------------------------------------------------
1/23 Testing: wrapping_integers_cmp
1/23 Test: wrapping_integers_cmp
Command: "/home/rag/Desktop/CN/ComputerNetworks/Ass2/assignment2/build/tests/wrapping_integers_cmp"
Directory: /home/rag/Desktop/CN/ComputerNetworks/Ass2/assignment2/build/tests
"wrapping_integers_cmp" start time: Oct 07 02:02 IST
Output:
----------------------------------------------------------
<end of output>
Test time =   0.00 sec
----------------------------------------------------------
Test Passed.
"wrapping_integers_cmp" end time: Oct 07 02:02 IST
"wrapping_integers_cmp" time elapsed: 00:00:00
----------------------------------------------------------

2/23 Testing: wrapping_integers_unwrap
2/23 Test: wrapping_integers_unwrap
Command: "/home/rag/Desktop/CN/ComputerNetworks/Ass2/assignment2/build/tests/wrapping_integers_unwrap"
Directory: /home/rag/Desktop/CN/ComputerNetworks/Ass2/assignment2/build/tests
"wrapping_integers_unwrap" start time: Oct 07 02:02 IST
Output:
----------------------------------------------------------
<end of output>
Test time =   0.00 sec
----------------------------------------------------------
Test Passed.
"wrapping_integers_unwrap" end time: Oct 07 02:02 IST
"wrapping_integers_unwrap" time elapsed: 00:00:00
----------------------------------------------------------

3/23 Testing: wrapping_integers_wrap
3/23 Test: wrapping_integers_wrap
Command: "/home/rag/Desktop/CN/ComputerNetworks/Ass2/assignment2/build/tests/wrapping_integers_wrap"
Directory: /home/rag/Desktop/CN/ComputerNetworks/Ass2/assignment2/build/tests
"wrapping_integers_wrap" start time: Oct 07 02:02 IST
Output:
----------------------------------------------------------
<end of output>
Test time =   0.00 sec
----------------------------------------------------------
Test Passed.
"wrapping_integers_wrap" end time: Oct 07 02:02 IST
"wrapping_integers_wrap" time elapsed: 00:00:00
----------------------------------------------------------

4/23 Testing: wrapping_integers_roundtrip
4/23 Test: wrapping_integers_roundtrip
Command: "/home/rag/Desktop/CN/ComputerNetworks/Ass2/assignment2/build/tests/wrapping_integers_roundtrip"
Directory: /home/rag/Desktop/CN/ComputerNetworks/Ass2/assignment2/build/tests
"wrapping_integers_roundtrip" start time: Oct 07 02:02 IST
Output:
----------------------------------------------------------
<end of output>
Test time =   0.41 sec
----------------------------------------------------------
Test Passed.
"wrapping_integers_roundtrip" end time: Oct 07 02:02 IST
"wrapping_integers_roundtrip" time elapsed: 00:00:00
----------------------------------------------------------

5/23 Testing: byte_stream_construction
5/23 Test: byte_stream_construction
Command: "/home/rag/Desktop/CN/ComputerNetworks/Ass2/assignment2/build/tests/byte_stream_construction"
Directory: /home/rag/Desktop/CN/ComputerNetworks/Ass2/assignment2/build/tests
"byte_stream_construction" start time: Oct 07 02:02 IST
Output:
----------------------------------------------------------
<end of output>
Test time =   0.00 sec
----------------------------------------------------------
Test Passed.
"byte_stream_construction" end time: Oct 07 02:02 IST
"byte_stream_construction" time elapsed: 00:00:00
----------------------------------------------------------

6/23 Testing: byte_stream_one_write
6/23 Test: byte_stream_one_write
Command: "/home/rag/Desktop/CN/ComputerNetworks/Ass2/assignment2/build/tests/byte_stream_one_write"
Directory: /home/rag/Desktop/CN/ComputerNetworks/Ass2/assignment2/build/tests
"byte_stream_one_write" start time: Oct 07 02:02 IST
Output:
----------------------------------------------------------
<end of output>
Test time =   0.00 sec
----------------------------------------------------------
Test Passed.
"byte_stream_one_write" end time: Oct 07 02:02 IST
"byte_stream_one_write" time elapsed: 00:00:00
----------------------------------------------------------

7/23 Testing: byte_stream_two_writes
7/23 Test: byte_stream_two_writes
Command: "/home/rag/Desktop/CN/ComputerNetworks/Ass2/assignment2/build/tests/byte_stream_two_writes"
Directory: /home/rag/Desktop/CN/ComputerNetworks/Ass2/assignment2/build/tests
"byte_stream_two_writes" start time: Oct 07 02:02 IST
Output:
----------------------------------------------------------
<end of output>
Test time =   0.00 sec
----------------------------------------------------------
Test Passed.
"byte_stream_two_writes" end time: Oct 07 02:02 IST
"byte_stream_two_writes" time elapsed: 00:00:00
----------------------------------------------------------

8/23 Testing: byte_stream_capacity
8/23 Test: byte_stream_capacity
Command: "/home/rag/Desktop/CN/ComputerNetworks/Ass2/assignment2/build/tests/byte_stream_capacity"
Directory: /home/rag/Desktop/CN/ComputerNetworks/Ass2/assignment2/build/tests
"byte_stream_capacity" start time: Oct 07 02:03 IST
Output:
----------------------------------------------------------
<end of output>
Test time =   1.30 sec
----------------------------------------------------------
Test Passed.
"byte_stream_capacity" end time: Oct 07 02:03 IST
"byte_stream_capacity" time elapsed: 00:00:01
----------------------------------------------------------

9/23 Testing: byte_stream_many_writes
9/23 Test: byte_stream_many_writes
Command: "/home/rag/Desktop/CN/ComputerNetworks/Ass2/assignment2/build/tests/byte_stream_many_writes"
Directory: /home/rag/Desktop/CN/ComputerNetworks/Ass2/assignment2/build/tests
"byte_stream_many_writes" start time: Oct 07 02:03 IST
Output:
----------------------------------------------------------
<end of output>
Test time =   0.00 sec
----------------------------------------------------------
Test Passed.
"byte_stream_many_writes" end time: Oct 07 02:03 IST
"byte_stream_many_writes" time elapsed: 00:00:00
----------------------------------------------------------

10/23 Testing: recv_connect
10/23 Test: recv_connect
Command: "/home/rag/Desktop/CN/ComputerNetworks/Ass2/assignment2/build/tests/recv_connect"
Directory: /home/rag/Desktop/CN/ComputerNetworks/Ass2/assignment2/build/tests
"recv_connect" start time: Oct 07 02:03 IST
Output:
----------------------------------------------------------
seqno: 0
syn: 1
fin: 0
payload size: 0
seqno: 89347598
syn: 1
fin: 0
payload size: 0
<end of output>
Test time =   0.01 sec
----------------------------------------------------------
Test Passed.
"recv_connect" end time: Oct 07 02:03 IST
"recv_connect" time elapsed: 00:00:00
----------------------------------------------------------

11/23 Testing: recv_transmit
11/23 Test: recv_transmit
Command: "/home/rag/Desktop/CN/ComputerNetworks/Ass2/assignment2/build/tests/recv_transmit"
Directory: /home/rag/Desktop/CN/ComputerNetworks/Ass2/assignment2/build/tests
"recv_transmit" start time: Oct 07 02:03 IST
Output:
----------------------------------------------------------
seqno: 0
syn: 1
fin: 0
payload size: 0
seqno: 1
syn: 0
fin: 0
payload size: 4
seqno: 384678
syn: 1
fin: 0
payload size: 0
seqno: 384679
syn: 0
fin: 0
payload size: 4
seqno: 384683
syn: 0
fin: 0
payload size: 4
seqno: 5
syn: 1
fin: 0
payload size: 0
seqno: 6
syn: 0
fin: 0
payload size: 4
seqno: 10
syn: 0
fin: 0
payload size: 4
seqno: 893472
syn: 1
fin: 0
payload size: 0
seqno: 893473
syn: 0
fin: 0
payload size: 4
seqno: 893477
syn: 0
fin: 0
payload size: 7
seqno: 893484
syn: 0
fin: 0
payload size: 7
seqno: 893491
syn: 0
fin: 0
payload size: 2
seqno: 893493
syn: 0
fin: 0
payload size: 2
seqno: 893495
syn: 0
fin: 0
payload size: 6
seqno: 893501
syn: 0
fin: 0
payload size: 7
seqno: 893508
syn: 0
fin: 0
payload size: 2
seqno: 893510
syn: 0
fin: 0
payload size: 10
seqno: 893520
syn: 0
fin: 0
payload size: 4
seqno: 893524
syn: 0
fin: 0
payload size: 7
seqno: 893531
syn: 0
fin: 0
payload size: 1
seqno: 893532
syn: 0
fin: 0
payload size: 7
seqno: 893539
syn: 0
fin: 0
payload size: 3
seqno: 893542
syn: 0
fin: 0
payload size: 2
seqno: 893544
syn: 0
fin: 0
payload size: 9
seqno: 893553
syn: 0
fin: 0
payload size: 9
seqno: 893562
syn: 0
fin: 0
payload size: 4
seqno: 893566
syn: 0
fin: 0
payload size: 2
seqno: 893568
syn: 0
fin: 0
payload size: 2
seqno: 893570
syn: 0
fin: 0
payload size: 10
seqno: 893580
syn: 0
fin: 0
payload size: 7
seqno: 893587
syn: 0
fin: 0
payload size: 3
seqno: 893590
syn: 0
fin: 0
payload size: 6
seqno: 893596
syn: 0
fin: 0
payload size: 2
seqno: 893598
syn: 0
fin: 0
payload size: 10
seqno: 893608
syn: 0
fin: 0
payload size: 6
seqno: 893614
syn: 0
fin: 0
payload size: 3
seqno: 893617
syn: 0
fin: 0
payload size: 2
seqno: 893619
syn: 0
fin: 0
payload size: 1
seqno: 893620
syn: 0
fin: 0
payload size: 2
seqno: 893622
syn: 0
fin: 0
payload size: 9
seqno: 893631
syn: 0
fin: 0
payload size: 8
seqno: 893639
syn: 0
fin: 0
payload size: 3
seqno: 893642
syn: 0
fin: 0
payload size: 7
seqno: 893649
syn: 0
fin: 0
payload size: 4
seqno: 893653
syn: 0
fin: 0
payload size: 5
seqno: 893658
syn: 0
fin: 0
payload size: 6
seqno: 893664
syn: 0
fin: 0
payload size: 1
seqno: 893665
syn: 0
fin: 0
payload size: 2
seqno: 893667
syn: 0
fin: 0
payload size: 10
seqno: 893677
syn: 0
fin: 0
payload size: 7
seqno: 893684
syn: 0
fin: 0
payload size: 7
seqno: 893691
syn: 0
fin: 0
payload size: 5
seqno: 893696
syn: 0
fin: 0
payload size: 7
seqno: 893703
syn: 0
fin: 0
payload size: 5
seqno: 893708
syn: 0
fin: 0
payload size: 8
seqno: 893716
syn: 0
fin: 0
payload size: 7
seqno: 893723
syn: 0
fin: 0
payload size: 8
seqno: 893731
syn: 0
fin: 0
payload size: 10
seqno: 893741
syn: 0
fin: 0
payload size: 6
seqno: 893747
syn: 0
fin: 0
payload size: 9
seqno: 893756
syn: 0
fin: 0
payload size: 4
seqno: 893760
syn: 0
fin: 0
payload size: 10
seqno: 893770
syn: 0
fin: 0
payload size: 5
seqno: 893775
syn: 0
fin: 0
payload size: 10
seqno: 893785
syn: 0
fin: 0
payload size: 6
seqno: 893791
syn: 0
fin: 0
payload size: 7
seqno: 893798
syn: 0
fin: 0
payload size: 2
seqno: 893800
syn: 0
fin: 0
payload size: 1
seqno: 893801
syn: 0
fin: 0
payload size: 7
seqno: 893808
syn: 0
fin: 0
payload size: 2
seqno: 893810
syn: 0
fin: 0
payload size: 10
seqno: 893820
syn: 0
fin: 0
payload size: 5
seqno: 893825
syn: 0
fin: 0
payload size: 4
seqno: 893829
syn: 0
fin: 0
payload size: 9
seqno: 893838
syn: 0
fin: 0
payload size: 9
seqno: 893847
syn: 0
fin: 0
payload size: 4
seqno: 893851
syn: 0
fin: 0
payload size: 3
seqno: 893854
syn: 0
fin: 0
payload size: 5
seqno: 893859
syn: 0
fin: 0
payload size: 10
seqno: 893869
syn: 0
fin: 0
payload size: 5
seqno: 893874
syn: 0
fin: 0
payload size: 2
seqno: 893876
syn: 0
fin: 0
payload size: 10
seqno: 893886
syn: 0
fin: 0
payload size: 2
seqno: 893888
syn: 0
fin: 0
payload size: 2
seqno: 893890
syn: 0
fin: 0
payload size: 1
seqno: 893891
syn: 0
fin: 0
payload size: 7
seqno: 893898
syn: 0
fin: 0
payload size: 9
seqno: 893907
syn: 0
fin: 0
payload size: 9
seqno: 893916
syn: 0
fin: 0
payload size: 8
seqno: 893924
syn: 0
fin: 0
payload size: 6
seqno: 893930
syn: 0
fin: 0
payload size: 2
seqno: 893932
syn: 0
fin: 0
payload size: 7
seqno: 893939
syn: 0
fin: 0
payload size: 10
seqno: 893949
syn: 0
fin: 0
payload size: 1
seqno: 893950
syn: 0
fin: 0
payload size: 3
seqno: 893953
syn: 0
fin: 0
payload size: 1
seqno: 893954
syn: 0
fin: 0
payload size: 7
seqno: 893961
syn: 0
fin: 0
payload size: 5
seqno: 893966
syn: 0
fin: 0
payload size: 8
seqno: 893974
syn: 0
fin: 0
payload size: 10
seqno: 893984
syn: 0
fin: 0
payload size: 3
seqno: 893987
syn: 0
fin: 0
payload size: 9
seqno: 893996
syn: 0
fin: 0
payload size: 4
seqno: 894000
syn: 0
fin: 0
payload size: 8
seqno: 894008
syn: 0
fin: 0
payload size: 10
seqno: 894018
syn: 0
fin: 0
payload size: 10
seqno: 894028
syn: 0
fin: 0
payload size: 3
seqno: 894031
syn: 0
fin: 0
payload size: 10
seqno: 894041
syn: 0
fin: 0
payload size: 6
seqno: 894047
syn: 0
fin: 0
payload size: 7
seqno: 894054
syn: 0
fin: 0
payload size: 8
seqno: 894062
syn: 0
fin: 0
payload size: 1
seqno: 894063
syn: 0
fin: 0
payload size: 5
seqno: 894068
syn: 0
fin: 0
payload size: 3
seqno: 894071
syn: 0
fin: 0
payload size: 8
seqno: 894079
syn: 0
fin: 0
payload size: 7
seqno: 894086
syn: 0
fin: 0
payload size: 3
seqno: 894089
syn: 0
fin: 0
payload size: 8
seqno: 894097
syn: 0
fin: 0
payload size: 5
seqno: 894102
syn: 0
fin: 0
payload size: 3
seqno: 894105
syn: 0
fin: 0
payload size: 8
seqno: 894113
syn: 0
fin: 0
payload size: 6
seqno: 894119
syn: 0
fin: 0
payload size: 4
seqno: 894123
syn: 0
fin: 0
payload size: 8
seqno: 894131
syn: 0
fin: 0
payload size: 8
seqno: 894139
syn: 0
fin: 0
payload size: 10
seqno: 894149
syn: 0
fin: 0
payload size: 4
seqno: 894153
syn: 0
fin: 0
payload size: 10
seqno: 894163
syn: 0
fin: 0
payload size: 9
seqno: 894172
syn: 0
fin: 0
payload size: 10
seqno: 894182
syn: 0
fin: 0
payload size: 5
seqno: 894187
syn: 0
fin: 0
payload size: 8
seqno: 894195
syn: 0
fin: 0
payload size: 4
seqno: 894199
syn: 0
fin: 0
payload size: 3
seqno: 894202
syn: 0
fin: 0
payload size: 2
seqno: 894204
syn: 0
fin: 0
payload size: 8
seqno: 894212
syn: 0
fin: 0
payload size: 4
seqno: 894216
syn: 0
fin: 0
payload size: 6
seqno: 894222
syn: 0
fin: 0
payload size: 7
seqno: 894229
syn: 0
fin: 0
payload size: 8
seqno: 894237
syn: 0
fin: 0
payload size: 5
seqno: 894242
syn: 0
fin: 0
payload size: 2
seqno: 894244
syn: 0
fin: 0
payload size: 7
seqno: 894251
syn: 0
fin: 0
payload size: 8
seqno: 894259
syn: 0
fin: 0
payload size: 2
seqno: 894261
syn: 0
fin: 0
payload size: 10
seqno: 894271
syn: 0
fin: 0
payload size: 3
seqno: 894274
syn: 0
fin: 0
payload size: 3
seqno: 894277
syn: 0
fin: 0
payload size: 4
seqno: 894281
syn: 0
fin: 0
payload size: 3
seqno: 894284
syn: 0
fin: 0
payload size: 7
seqno: 894291
syn: 0
fin: 0
payload size: 7
seqno: 894298
syn: 0
fin: 0
payload size: 1
seqno: 894299
syn: 0
fin: 0
payload size: 5
seqno: 894304
syn: 0
fin: 0
payload size: 8
seqno: 894312
syn: 0
fin: 0
payload size: 8
seqno: 894320
syn: 0
fin: 0
payload size: 4
seqno: 894324
syn: 0
fin: 0
payload size: 5
seqno: 894329
syn: 0
fin: 0
payload size: 2
seqno: 894331
syn: 0
fin: 0
payload size: 3
seqno: 894334
syn: 0
fin: 0
payload size: 4
seqno: 894338
syn: 0
fin: 0
payload size: 7
seqno: 894345
syn: 0
fin: 0
payload size: 8
seqno: 894353
syn: 0
fin: 0
payload size: 10
seqno: 894363
syn: 0
fin: 0
payload size: 2
seqno: 894365
syn: 0
fin: 0
payload size: 2
seqno: 894367
syn: 0
fin: 0
payload size: 4
seqno: 894371
syn: 0
fin: 0
payload size: 6
seqno: 894377
syn: 0
fin: 0
payload size: 9
seqno: 894386
syn: 0
fin: 0
payload size: 4
seqno: 894390
syn: 0
fin: 0
payload size: 7
seqno: 894397
syn: 0
fin: 0
payload size: 9
seqno: 894406
syn: 0
fin: 0
payload size: 9
seqno: 894415
syn: 0
fin: 0
payload size: 4
seqno: 894419
syn: 0
fin: 0
payload size: 6
seqno: 894425
syn: 0
fin: 0
payload size: 4
seqno: 894429
syn: 0
fin: 0
payload size: 7
seqno: 894436
syn: 0
fin: 0
payload size: 7
seqno: 894443
syn: 0
fin: 0
payload size: 4
seqno: 894447
syn: 0
fin: 0
payload size: 10
seqno: 894457
syn: 0
fin: 0
payload size: 5
seqno: 894462
syn: 0
fin: 0
payload size: 6
seqno: 894468
syn: 0
fin: 0
payload size: 4
seqno: 894472
syn: 0
fin: 0
payload size: 8
seqno: 894480
syn: 0
fin: 0
payload size: 3
seqno: 894483
syn: 0
fin: 0
payload size: 2
seqno: 894485
syn: 0
fin: 0
payload size: 3
seqno: 894488
syn: 0
fin: 0
payload size: 2
seqno: 894490
syn: 0
fin: 0
payload size: 9
seqno: 894499
syn: 0
fin: 0
payload size: 9
seqno: 894508
syn: 0
fin: 0
payload size: 3
seqno: 894511
syn: 0
fin: 0
payload size: 9
seqno: 894520
syn: 0
fin: 0
payload size: 7
seqno: 894527
syn: 0
fin: 0
payload size: 4
seqno: 894531
syn: 0
fin: 0
payload size: 4
seqno: 894535
syn: 0
fin: 0
payload size: 3
seqno: 894538
syn: 0
fin: 0
payload size: 3
seqno: 894541
syn: 0
fin: 0
payload size: 3
seqno: 894544
syn: 0
fin: 0
payload size: 2
seqno: 894546
syn: 0
fin: 0
payload size: 7
seqno: 894553
syn: 0
fin: 0
payload size: 7
seqno: 894560
syn: 0
fin: 0
payload size: 5
seqno: 894565
syn: 0
fin: 0
payload size: 6
seqno: 894571
syn: 0
fin: 0
payload size: 7
seqno: 894578
syn: 0
fin: 0
payload size: 4
seqno: 894582
syn: 0
fin: 0
payload size: 1
seqno: 894583
syn: 0
fin: 0
payload size: 10
seqno: 894593
syn: 0
fin: 0
payload size: 10
seqno: 894603
syn: 0
fin: 0
payload size: 8
seqno: 894611
syn: 0
fin: 0
payload size: 4
seqno: 894615
syn: 0
fin: 0
payload size: 8
seqno: 894623
syn: 0
fin: 0
payload size: 1
seqno: 894624
syn: 0
fin: 0
payload size: 5
seqno: 894629
syn: 0
fin: 0
payload size: 8
seqno: 894637
syn: 0
fin: 0
payload size: 1
seqno: 894638
syn: 0
fin: 0
payload size: 8
seqno: 894646
syn: 0
fin: 0
payload size: 8
seqno: 894654
syn: 0
fin: 0
payload size: 3
seqno: 894657
syn: 0
fin: 0
payload size: 4
seqno: 894661
syn: 0
fin: 0
payload size: 8
seqno: 894669
syn: 0
fin: 0
payload size: 4
seqno: 894673
syn: 0
fin: 0
payload size: 8
seqno: 894681
syn: 0
fin: 0
payload size: 5
seqno: 894686
syn: 0
fin: 0
payload size: 10
seqno: 894696
syn: 0
fin: 0
payload size: 9
seqno: 894705
syn: 0
fin: 0
payload size: 1
seqno: 894706
syn: 0
fin: 0
payload size: 4
seqno: 894710
syn: 0
fin: 0
payload size: 8
seqno: 894718
syn: 0
fin: 0
payload size: 5
seqno: 894723
syn: 0
fin: 0
payload size: 2
seqno: 894725
syn: 0
fin: 0
payload size: 2
seqno: 894727
syn: 0
fin: 0
payload size: 3
seqno: 894730
syn: 0
fin: 0
payload size: 4
seqno: 894734
syn: 0
fin: 0
payload size: 7
seqno: 894741
syn: 0
fin: 0
payload size: 4
seqno: 894745
syn: 0
fin: 0
payload size: 6
seqno: 894751
syn: 0
fin: 0
payload size: 5
seqno: 894756
syn: 0
fin: 0
payload size: 4
seqno: 894760
syn: 0
fin: 0
payload size: 8
seqno: 894768
syn: 0
fin: 0
payload size: 7
seqno: 894775
syn: 0
fin: 0
payload size: 2
seqno: 894777
syn: 0
fin: 0
payload size: 5
seqno: 894782
syn: 0
fin: 0
payload size: 3
seqno: 894785
syn: 0
fin: 0
payload size: 9
seqno: 894794
syn: 0
fin: 0
payload size: 9
seqno: 894803
syn: 0
fin: 0
payload size: 3
seqno: 894806
syn: 0
fin: 0
payload size: 10
seqno: 894816
syn: 0
fin: 0
payload size: 10
seqno: 894826
syn: 0
fin: 0
payload size: 7
seqno: 894833
syn: 0
fin: 0
payload size: 5
seqno: 894838
syn: 0
fin: 0
payload size: 2
seqno: 894840
syn: 0
fin: 0
payload size: 9
seqno: 894849
syn: 0
fin: 0
payload size: 3
seqno: 894852
syn: 0
fin: 0
payload size: 7
seqno: 894859
syn: 0
fin: 0
payload size: 10
seqno: 894869
syn: 0
fin: 0
payload size: 5
seqno: 894874
syn: 0
fin: 0
payload size: 7
seqno: 894881
syn: 0
fin: 0
payload size: 4
seqno: 894885
syn: 0
fin: 0
payload size: 1
seqno: 894886
syn: 0
fin: 0
payload size: 1
seqno: 894887
syn: 0
fin: 0
payload size: 1
seqno: 894888
syn: 0
fin: 0
payload size: 2
seqno: 894890
syn: 0
fin: 0
payload size: 10
seqno: 894900
syn: 0
fin: 0
payload size: 5
seqno: 894905
syn: 0
fin: 0
payload size: 2
seqno: 894907
syn: 0
fin: 0
payload size: 10
seqno: 894917
syn: 0
fin: 0
payload size: 10
seqno: 894927
syn: 0
fin: 0
payload size: 4
seqno: 894931
syn: 0
fin: 0
payload size: 9
seqno: 894940
syn: 0
fin: 0
payload size: 8
seqno: 894948
syn: 0
fin: 0
payload size: 8
seqno: 894956
syn: 0
fin: 0
payload size: 3
seqno: 894959
syn: 0
fin: 0
payload size: 10
seqno: 894969
syn: 0
fin: 0
payload size: 2
seqno: 894971
syn: 0
fin: 0
payload size: 4
seqno: 894975
syn: 0
fin: 0
payload size: 2
seqno: 894977
syn: 0
fin: 0
payload size: 8
seqno: 894985
syn: 0
fin: 0
payload size: 3
seqno: 894988
syn: 0
fin: 0
payload size: 5
seqno: 894993
syn: 0
fin: 0
payload size: 4
seqno: 894997
syn: 0
fin: 0
payload size: 8
seqno: 895005
syn: 0
fin: 0
payload size: 4
seqno: 895009
syn: 0
fin: 0
payload size: 8
seqno: 895017
syn: 0
fin: 0
payload size: 7
seqno: 895024
syn: 0
fin: 0
payload size: 5
seqno: 895029
syn: 0
fin: 0
payload size: 4
seqno: 895033
syn: 0
fin: 0
payload size: 3
seqno: 895036
syn: 0
fin: 0
payload size: 7
seqno: 895043
syn: 0
fin: 0
payload size: 7
seqno: 895050
syn: 0
fin: 0
payload size: 10
seqno: 895060
syn: 0
fin: 0
payload size: 4
seqno: 895064
syn: 0
fin: 0
payload size: 10
seqno: 895074
syn: 0
fin: 0
payload size: 1
seqno: 895075
syn: 0
fin: 0
payload size: 7
seqno: 895082
syn: 0
fin: 0
payload size: 4
seqno: 895086
syn: 0
fin: 0
payload size: 6
seqno: 895092
syn: 0
fin: 0
payload size: 2
seqno: 895094
syn: 0
fin: 0
payload size: 5
seqno: 895099
syn: 0
fin: 0
payload size: 4
seqno: 895103
syn: 0
fin: 0
payload size: 8
seqno: 895111
syn: 0
fin: 0
payload size: 4
seqno: 895115
syn: 0
fin: 0
payload size: 5
seqno: 895120
syn: 0
fin: 0
payload size: 5
seqno: 895125
syn: 0
fin: 0
payload size: 3
seqno: 895128
syn: 0
fin: 0
payload size: 2
seqno: 895130
syn: 0
fin: 0
payload size: 2
seqno: 895132
syn: 0
fin: 0
payload size: 6
seqno: 895138
syn: 0
fin: 0
payload size: 7
seqno: 895145
syn: 0
fin: 0
payload size: 7
seqno: 895152
syn: 0
fin: 0
payload size: 7
seqno: 895159
syn: 0
fin: 0
payload size: 8
seqno: 895167
syn: 0
fin: 0
payload size: 7
seqno: 895174
syn: 0
fin: 0
payload size: 5
seqno: 895179
syn: 0
fin: 0
payload size: 7
seqno: 895186
syn: 0
fin: 0
payload size: 8
seqno: 895194
syn: 0
fin: 0
payload size: 3
seqno: 895197
syn: 0
fin: 0
payload size: 3
seqno: 895200
syn: 0
fin: 0
payload size: 9
seqno: 895209
syn: 0
fin: 0
payload size: 1
seqno: 895210
syn: 0
fin: 0
payload size: 2
seqno: 895212
syn: 0
fin: 0
payload size: 4
seqno: 895216
syn: 0
fin: 0
payload size: 8
seqno: 895224
syn: 0
fin: 0
payload size: 7
seqno: 895231
syn: 0
fin: 0
payload size: 5
seqno: 895236
syn: 0
fin: 0
payload size: 7
seqno: 895243
syn: 0
fin: 0
payload size: 7
seqno: 895250
syn: 0
fin: 0
payload size: 3
seqno: 895253
syn: 0
fin: 0
payload size: 6
seqno: 895259
syn: 0
fin: 0
payload size: 6
seqno: 895265
syn: 0
fin: 0
payload size: 9
seqno: 895274
syn: 0
fin: 0
payload size: 8
seqno: 895282
syn: 0
fin: 0
payload size: 7
seqno: 895289
syn: 0
fin: 0
payload size: 3
seqno: 895292
syn: 0
fin: 0
payload size: 2
seqno: 895294
syn: 0
fin: 0
payload size: 8
seqno: 895302
syn: 0
fin: 0
payload size: 2
seqno: 895304
syn: 0
fin: 0
payload size: 10
seqno: 895314
syn: 0
fin: 0
payload size: 2
seqno: 895316
syn: 0
fin: 0
payload size: 3
seqno: 895319
syn: 0
fin: 0
payload size: 10
seqno: 895329
syn: 0
fin: 0
payload size: 5
seqno: 895334
syn: 0
fin: 0
payload size: 3
seqno: 895337
syn: 0
fin: 0
payload size: 6
seqno: 895343
syn: 0
fin: 0
payload size: 10
seqno: 895353
syn: 0
fin: 0
payload size: 5
seqno: 895358
syn: 0
fin: 0
payload size: 7
seqno: 895365
syn: 0
fin: 0
payload size: 7
seqno: 895372
syn: 0
fin: 0
payload size: 3
seqno: 895375
syn: 0
fin: 0
payload size: 9
seqno: 895384
syn: 0
fin: 0
payload size: 10
seqno: 895394
syn: 0
fin: 0
payload size: 10
seqno: 895404
syn: 0
fin: 0
payload size: 1
seqno: 895405
syn: 0
fin: 0
payload size: 8
seqno: 895413
syn: 0
fin: 0
payload size: 9
seqno: 895422
syn: 0
fin: 0
payload size: 8
seqno: 895430
syn: 0
fin: 0
payload size: 3
seqno: 895433
syn: 0
fin: 0
payload size: 2
seqno: 895435
syn: 0
fin: 0
payload size: 4
seqno: 895439
syn: 0
fin: 0
payload size: 10
seqno: 895449
syn: 0
fin: 0
payload size: 4
seqno: 895453
syn: 0
fin: 0
payload size: 6
seqno: 895459
syn: 0
fin: 0
payload size: 3
seqno: 895462
syn: 0
fin: 0
payload size: 3
seqno: 895465
syn: 0
fin: 0
payload size: 6
seqno: 895471
syn: 0
fin: 0
payload size: 2
seqno: 895473
syn: 0
fin: 0
payload size: 5
seqno: 895478
syn: 0
fin: 0
payload size: 7
seqno: 895485
syn: 0
fin: 0
payload size: 5
seqno: 895490
syn: 0
fin: 0
payload size: 7
seqno: 895497
syn: 0
fin: 0
payload size: 3
seqno: 895500
syn: 0
fin: 0
payload size: 8
seqno: 895508
syn: 0
fin: 0
payload size: 6
seqno: 895514
syn: 0
fin: 0
payload size: 8
seqno: 895522
syn: 0
fin: 0
payload size: 5
seqno: 895527
syn: 0
fin: 0
payload size: 3
seqno: 895530
syn: 0
fin: 0
payload size: 4
seqno: 895534
syn: 0
fin: 0
payload size: 5
seqno: 895539
syn: 0
fin: 0
payload size: 9
seqno: 895548
syn: 0
fin: 0
payload size: 4
seqno: 895552
syn: 0
fin: 0
payload size: 5
seqno: 895557
syn: 0
fin: 0
payload size: 2
seqno: 895559
syn: 0
fin: 0
payload size: 9
seqno: 895568
syn: 0
fin: 0
payload size: 1
seqno: 895569
syn: 0
fin: 0
payload size: 9
seqno: 895578
syn: 0
fin: 0
payload size: 1
seqno: 895579
syn: 0
fin: 0
payload size: 3
seqno: 895582
syn: 0
fin: 0
payload size: 1
seqno: 895583
syn: 0
fin: 0
payload size: 6
seqno: 895589
syn: 0
fin: 0
payload size: 10
seqno: 895599
syn: 0
fin: 0
payload size: 5
seqno: 895604
syn: 0
fin: 0
payload size: 2
seqno: 895606
syn: 0
fin: 0
payload size: 2
seqno: 895608
syn: 0
fin: 0
payload size: 1
seqno: 895609
syn: 0
fin: 0
payload size: 7
seqno: 895616
syn: 0
fin: 0
payload size: 7
seqno: 895623
syn: 0
fin: 0
payload size: 8
seqno: 895631
syn: 0
fin: 0
payload size: 9
seqno: 895640
syn: 0
fin: 0
payload size: 3
seqno: 895643
syn: 0
fin: 0
payload size: 1
seqno: 895644
syn: 0
fin: 0
payload size: 4
seqno: 895648
syn: 0
fin: 0
payload size: 3
seqno: 895651
syn: 0
fin: 0
payload size: 8
seqno: 895659
syn: 0
fin: 0
payload size: 9
seqno: 895668
syn: 0
fin: 0
payload size: 9
seqno: 895677
syn: 0
fin: 0
payload size: 1
seqno: 895678
syn: 0
fin: 0
payload size: 3
seqno: 895681
syn: 0
fin: 0
payload size: 9
seqno: 895690
syn: 0
fin: 0
payload size: 8
seqno: 895698
syn: 0
fin: 0
payload size: 8
seqno: 895706
syn: 0
fin: 0
payload size: 9
seqno: 895715
syn: 0
fin: 0
payload size: 4
seqno: 895719
syn: 0
fin: 0
payload size: 4
seqno: 895723
syn: 0
fin: 0
payload size: 9
seqno: 895732
syn: 0
fin: 0
payload size: 5
seqno: 895737
syn: 0
fin: 0
payload size: 3
seqno: 895740
syn: 0
fin: 0
payload size: 7
seqno: 895747
syn: 0
fin: 0
payload size: 2
seqno: 895749
syn: 0
fin: 0
payload size: 4
seqno: 895753
syn: 0
fin: 0
payload size: 6
seqno: 895759
syn: 0
fin: 0
payload size: 9
seqno: 895768
syn: 0
fin: 0
payload size: 10
seqno: 895778
syn: 0
fin: 0
payload size: 5
seqno: 895783
syn: 0
fin: 0
payload size: 2
seqno: 895785
syn: 0
fin: 0
payload size: 6
seqno: 895791
syn: 0
fin: 0
payload size: 5
seqno: 895796
syn: 0
fin: 0
payload size: 2
seqno: 895798
syn: 0
fin: 0
payload size: 4
seqno: 895802
syn: 0
fin: 0
payload size: 5
seqno: 895807
syn: 0
fin: 0
payload size: 1
seqno: 895808
syn: 0
fin: 0
payload size: 1
seqno: 895809
syn: 0
fin: 0
payload size: 9
seqno: 895818
syn: 0
fin: 0
payload size: 6
seqno: 895824
syn: 0
fin: 0
payload size: 3
seqno: 895827
syn: 0
fin: 0
payload size: 8
seqno: 895835
syn: 0
fin: 0
payload size: 9
seqno: 895844
syn: 0
fin: 0
payload size: 1
seqno: 895845
syn: 0
fin: 0
payload size: 5
seqno: 895850
syn: 0
fin: 0
payload size: 2
seqno: 895852
syn: 0
fin: 0
payload size: 10
seqno: 895862
syn: 0
fin: 0
payload size: 7
seqno: 895869
syn: 0
fin: 0
payload size: 3
seqno: 895872
syn: 0
fin: 0
payload size: 5
seqno: 895877
syn: 0
fin: 0
payload size: 9
seqno: 895886
syn: 0
fin: 0
payload size: 7
seqno: 895893
syn: 0
fin: 0
payload size: 5
seqno: 895898
syn: 0
fin: 0
payload size: 1
seqno: 895899
syn: 0
fin: 0
payload size: 2
seqno: 895901
syn: 0
fin: 0
payload size: 3
seqno: 895904
syn: 0
fin: 0
payload size: 1
seqno: 895905
syn: 0
fin: 0
payload size: 1
seqno: 895906
syn: 0
fin: 0
payload size: 9
seqno: 895915
syn: 0
fin: 0
payload size: 10
seqno: 895925
syn: 0
fin: 0
payload size: 6
seqno: 895931
syn: 0
fin: 0
payload size: 8
seqno: 895939
syn: 0
fin: 0
payload size: 2
seqno: 895941
syn: 0
fin: 0
payload size: 4
seqno: 895945
syn: 0
fin: 0
payload size: 2
seqno: 895947
syn: 0
fin: 0
payload size: 8
seqno: 895955
syn: 0
fin: 0
payload size: 3
seqno: 895958
syn: 0
fin: 0
payload size: 1
seqno: 895959
syn: 0
fin: 0
payload size: 5
seqno: 895964
syn: 0
fin: 0
payload size: 10
seqno: 895974
syn: 0
fin: 0
payload size: 8
seqno: 895982
syn: 0
fin: 0
payload size: 3
seqno: 895985
syn: 0
fin: 0
payload size: 2
seqno: 895987
syn: 0
fin: 0
payload size: 3
seqno: 895990
syn: 0
fin: 0
payload size: 7
seqno: 895997
syn: 0
fin: 0
payload size: 3
seqno: 896000
syn: 0
fin: 0
payload size: 1
seqno: 896001
syn: 0
fin: 0
payload size: 9
seqno: 896010
syn: 0
fin: 0
payload size: 4
seqno: 896014
syn: 0
fin: 0
payload size: 3
seqno: 896017
syn: 0
fin: 0
payload size: 10
seqno: 896027
syn: 0
fin: 0
payload size: 7
seqno: 896034
syn: 0
fin: 0
payload size: 8
seqno: 896042
syn: 0
fin: 0
payload size: 6
seqno: 896048
syn: 0
fin: 0
payload size: 9
seqno: 896057
syn: 0
fin: 0
payload size: 5
seqno: 896062
syn: 0
fin: 0
payload size: 3
seqno: 896065
syn: 0
fin: 0
payload size: 10
seqno: 896075
syn: 0
fin: 0
payload size: 6
seqno: 896081
syn: 0
fin: 0
payload size: 6
seqno: 896087
syn: 0
fin: 0
payload size: 7
seqno: 896094
syn: 0
fin: 0
payload size: 5
seqno: 896099
syn: 0
fin: 0
payload size: 1
seqno: 896100
syn: 0
fin: 0
payload size: 7
seqno: 896107
syn: 0
fin: 0
payload size: 8
seqno: 896115
syn: 0
fin: 0
payload size: 8
seqno: 896123
syn: 0
fin: 0
payload size: 8
seqno: 896131
syn: 0
fin: 0
payload size: 4
seqno: 896135
syn: 0
fin: 0
payload size: 8
seqno: 896143
syn: 0
fin: 0
payload size: 7
seqno: 896150
syn: 0
fin: 0
payload size: 6
seqno: 896156
syn: 0
fin: 0
payload size: 8
seqno: 896164
syn: 0
fin: 0
payload size: 9
seqno: 896173
syn: 0
fin: 0
payload size: 4
seqno: 896177
syn: 0
fin: 0
payload size: 1
seqno: 896178
syn: 0
fin: 0
payload size: 8
seqno: 896186
syn: 0
fin: 0
payload size: 6
seqno: 896192
syn: 0
fin: 0
payload size: 2
seqno: 896194
syn: 0
fin: 0
payload size: 5
seqno: 896199
syn: 0
fin: 0
payload size: 4
seqno: 896203
syn: 0
fin: 0
payload size: 9
seqno: 896212
syn: 0
fin: 0
payload size: 1
seqno: 896213
syn: 0
fin: 0
payload size: 5
seqno: 896218
syn: 0
fin: 0
payload size: 5
seqno: 896223
syn: 0
fin: 0
payload size: 1
seqno: 896224
syn: 0
fin: 0
payload size: 4
seqno: 896228
syn: 0
fin: 0
payload size: 1
seqno: 896229
syn: 0
fin: 0
payload size: 4
seqno: 896233
syn: 0
fin: 0
payload size: 9
seqno: 896242
syn: 0
fin: 0
payload size: 4
seqno: 896246
syn: 0
fin: 0
payload size: 6
seqno: 896252
syn: 0
fin: 0
payload size: 4
seqno: 896256
syn: 0
fin: 0
payload size: 8
seqno: 896264
syn: 0
fin: 0
payload size: 10
seqno: 896274
syn: 0
fin: 0
payload size: 8
seqno: 896282
syn: 0
fin: 0
payload size: 9
seqno: 896291
syn: 0
fin: 0
payload size: 2
seqno: 896293
syn: 0
fin: 0
payload size: 7
seqno: 896300
syn: 0
fin: 0
payload size: 4
seqno: 896304
syn: 0
fin: 0
payload size: 5
seqno: 896309
syn: 0
fin: 0
payload size: 10
seqno: 896319
syn: 0
fin: 0
payload size: 3
seqno: 896322
syn: 0
fin: 0
payload size: 4
seqno: 896326
syn: 0
fin: 0
payload size: 1
seqno: 896327
syn: 0
fin: 0
payload size: 6
seqno: 896333
syn: 0
fin: 0
payload size: 10
seqno: 896343
syn: 0
fin: 0
payload size: 7
seqno: 896350
syn: 0
fin: 0
payload size: 10
seqno: 896360
syn: 0
fin: 0
payload size: 1
seqno: 896361
syn: 0
fin: 0
payload size: 8
seqno: 896369
syn: 0
fin: 0
payload size: 2
seqno: 896371
syn: 0
fin: 0
payload size: 3
seqno: 896374
syn: 0
fin: 0
payload size: 1
seqno: 896375
syn: 0
fin: 0
payload size: 10
seqno: 896385
syn: 0
fin: 0
payload size: 8
seqno: 896393
syn: 0
fin: 0
payload size: 9
seqno: 896402
syn: 0
fin: 0
payload size: 6
seqno: 896408
syn: 0
fin: 0
payload size: 1
seqno: 896409
syn: 0
fin: 0
payload size: 4
seqno: 896413
syn: 0
fin: 0
payload size: 8
seqno: 896421
syn: 0
fin: 0
payload size: 10
seqno: 896431
syn: 0
fin: 0
payload size: 2
seqno: 896433
syn: 0
fin: 0
payload size: 10
seqno: 896443
syn: 0
fin: 0
payload size: 4
seqno: 896447
syn: 0
fin: 0
payload size: 6
seqno: 896453
syn: 0
fin: 0
payload size: 10
seqno: 896463
syn: 0
fin: 0
payload size: 9
seqno: 896472
syn: 0
fin: 0
payload size: 8
seqno: 896480
syn: 0
fin: 0
payload size: 1
seqno: 896481
syn: 0
fin: 0
payload size: 2
seqno: 896483
syn: 0
fin: 0
payload size: 4
seqno: 896487
syn: 0
fin: 0
payload size: 3
seqno: 896490
syn: 0
fin: 0
payload size: 2
seqno: 896492
syn: 0
fin: 0
payload size: 1
seqno: 896493
syn: 0
fin: 0
payload size: 10
seqno: 896503
syn: 0
fin: 0
payload size: 1
seqno: 896504
syn: 0
fin: 0
payload size: 9
seqno: 896513
syn: 0
fin: 0
payload size: 5
seqno: 896518
syn: 0
fin: 0
payload size: 5
seqno: 896523
syn: 0
fin: 0
payload size: 2
seqno: 896525
syn: 0
fin: 0
payload size: 7
seqno: 896532
syn: 0
fin: 0
payload size: 4
seqno: 896536
syn: 0
fin: 0
payload size: 6
seqno: 896542
syn: 0
fin: 0
payload size: 10
seqno: 896552
syn: 0
fin: 0
payload size: 8
seqno: 896560
syn: 0
fin: 0
payload size: 5
seqno: 896565
syn: 0
fin: 0
payload size: 6
seqno: 896571
syn: 0
fin: 0
payload size: 3
seqno: 896574
syn: 0
fin: 0
payload size: 10
seqno: 896584
syn: 0
fin: 0
payload size: 4
seqno: 896588
syn: 0
fin: 0
payload size: 3
seqno: 896591
syn: 0
fin: 0
payload size: 6
seqno: 896597
syn: 0
fin: 0
payload size: 4
seqno: 896601
syn: 0
fin: 0
payload size: 6
seqno: 896607
syn: 0
fin: 0
payload size: 4
seqno: 896611
syn: 0
fin: 0
payload size: 4
seqno: 896615
syn: 0
fin: 0
payload size: 4
seqno: 896619
syn: 0
fin: 0
payload size: 4
seqno: 896623
syn: 0
fin: 0
payload size: 7
seqno: 896630
syn: 0
fin: 0
payload size: 9
seqno: 896639
syn: 0
fin: 0
payload size: 4
seqno: 896643
syn: 0
fin: 0
payload size: 2
seqno: 896645
syn: 0
fin: 0
payload size: 10
seqno: 896655
syn: 0
fin: 0
payload size: 4
seqno: 896659
syn: 0
fin: 0
payload size: 10
seqno: 896669
syn: 0
fin: 0
payload size: 8
seqno: 896677
syn: 0
fin: 0
payload size: 1
seqno: 896678
syn: 0
fin: 0
payload size: 10
seqno: 896688
syn: 0
fin: 0
payload size: 8
seqno: 896696
syn: 0
fin: 0
payload size: 9
seqno: 896705
syn: 0
fin: 0
payload size: 2
seqno: 896707
syn: 0
fin: 0
payload size: 2
seqno: 896709
syn: 0
fin: 0
payload size: 9
seqno: 896718
syn: 0
fin: 0
payload size: 4
seqno: 896722
syn: 0
fin: 0
payload size: 7
seqno: 896729
syn: 0
fin: 0
payload size: 10
seqno: 896739
syn: 0
fin: 0
payload size: 9
seqno: 896748
syn: 0
fin: 0
payload size: 10
seqno: 896758
syn: 0
fin: 0
payload size: 6
seqno: 896764
syn: 0
fin: 0
payload size: 8
seqno: 896772
syn: 0
fin: 0
payload size: 6
seqno: 896778
syn: 0
fin: 0
payload size: 4
seqno: 896782
syn: 0
fin: 0
payload size: 2
seqno: 896784
syn: 0
fin: 0
payload size: 6
seqno: 896790
syn: 0
fin: 0
payload size: 3
seqno: 896793
syn: 0
fin: 0
payload size: 2
seqno: 896795
syn: 0
fin: 0
payload size: 10
seqno: 896805
syn: 0
fin: 0
payload size: 5
seqno: 896810
syn: 0
fin: 0
payload size: 2
seqno: 896812
syn: 0
fin: 0
payload size: 5
seqno: 896817
syn: 0
fin: 0
payload size: 1
seqno: 896818
syn: 0
fin: 0
payload size: 1
seqno: 896819
syn: 0
fin: 0
payload size: 5
seqno: 896824
syn: 0
fin: 0
payload size: 6
seqno: 896830
syn: 0
fin: 0
payload size: 7
seqno: 896837
syn: 0
fin: 0
payload size: 9
seqno: 896846
syn: 0
fin: 0
payload size: 2
seqno: 896848
syn: 0
fin: 0
payload size: 8
seqno: 896856
syn: 0
fin: 0
payload size: 10
seqno: 896866
syn: 0
fin: 0
payload size: 4
seqno: 896870
syn: 0
fin: 0
payload size: 2
seqno: 896872
syn: 0
fin: 0
payload size: 7
seqno: 896879
syn: 0
fin: 0
payload size: 2
seqno: 896881
syn: 0
fin: 0
payload size: 1
seqno: 896882
syn: 0
fin: 0
payload size: 5
seqno: 896887
syn: 0
fin: 0
payload size: 10
seqno: 896897
syn: 0
fin: 0
payload size: 5
seqno: 896902
syn: 0
fin: 0
payload size: 8
seqno: 896910
syn: 0
fin: 0
payload size: 3
seqno: 896913
syn: 0
fin: 0
payload size: 8
seqno: 896921
syn: 0
fin: 0
payload size: 10
seqno: 896931
syn: 0
fin: 0
payload size: 8
seqno: 896939
syn: 0
fin: 0
payload size: 4
seqno: 896943
syn: 0
fin: 0
payload size: 3
seqno: 896946
syn: 0
fin: 0
payload size: 9
seqno: 896955
syn: 0
fin: 0
payload size: 1
seqno: 896956
syn: 0
fin: 0
payload size: 9
seqno: 896965
syn: 0
fin: 0
payload size: 9
seqno: 896974
syn: 0
fin: 0
payload size: 5
seqno: 896979
syn: 0
fin: 0
payload size: 10
seqno: 896989
syn: 0
fin: 0
payload size: 10
seqno: 896999
syn: 0
fin: 0
payload size: 6
seqno: 897005
syn: 0
fin: 0
payload size: 10
seqno: 897015
syn: 0
fin: 0
payload size: 2
seqno: 897017
syn: 0
fin: 0
payload size: 2
seqno: 897019
syn: 0
fin: 0
payload size: 3
seqno: 897022
syn: 0
fin: 0
payload size: 3
seqno: 897025
syn: 0
fin: 0
payload size: 10
seqno: 897035
syn: 0
fin: 0
payload size: 9
seqno: 897044
syn: 0
fin: 0
payload size: 3
seqno: 897047
syn: 0
fin: 0
payload size: 2
seqno: 897049
syn: 0
fin: 0
payload size: 1
seqno: 897050
syn: 0
fin: 0
payload size: 10
seqno: 897060
syn: 0
fin: 0
payload size: 8
seqno: 897068
syn: 0
fin: 0
payload size: 9
seqno: 897077
syn: 0
fin: 0
payload size: 10
seqno: 897087
syn: 0
fin: 0
payload size: 10
seqno: 897097
syn: 0
fin: 0
payload size: 7
seqno: 897104
syn: 0
fin: 0
payload size: 8
seqno: 897112
syn: 0
fin: 0
payload size: 1
seqno: 897113
syn: 0
fin: 0
payload size: 9
seqno: 897122
syn: 0
fin: 0
payload size: 9
seqno: 897131
syn: 0
fin: 0
payload size: 2
seqno: 897133
syn: 0
fin: 0
payload size: 3
seqno: 897136
syn: 0
fin: 0
payload size: 4
seqno: 897140
syn: 0
fin: 0
payload size: 10
seqno: 897150
syn: 0
fin: 0
payload size: 9
seqno: 897159
syn: 0
fin: 0
payload size: 3
seqno: 897162
syn: 0
fin: 0
payload size: 7
seqno: 897169
syn: 0
fin: 0
payload size: 3
seqno: 897172
syn: 0
fin: 0
payload size: 5
seqno: 897177
syn: 0
fin: 0
payload size: 8
seqno: 897185
syn: 0
fin: 0
payload size: 5
seqno: 897190
syn: 0
fin: 0
payload size: 2
seqno: 897192
syn: 0
fin: 0
payload size: 5
seqno: 897197
syn: 0
fin: 0
payload size: 8
seqno: 897205
syn: 0
fin: 0
payload size: 3
seqno: 897208
syn: 0
fin: 0
payload size: 10
seqno: 897218
syn: 0
fin: 0
payload size: 10
seqno: 897228
syn: 0
fin: 0
payload size: 4
seqno: 897232
syn: 0
fin: 0
payload size: 5
seqno: 897237
syn: 0
fin: 0
payload size: 9
seqno: 897246
syn: 0
fin: 0
payload size: 10
seqno: 897256
syn: 0
fin: 0
payload size: 7
seqno: 897263
syn: 0
fin: 0
payload size: 3
seqno: 897266
syn: 0
fin: 0
payload size: 10
seqno: 897276
syn: 0
fin: 0
payload size: 3
seqno: 897279
syn: 0
fin: 0
payload size: 7
seqno: 897286
syn: 0
fin: 0
payload size: 10
seqno: 897296
syn: 0
fin: 0
payload size: 8
seqno: 897304
syn: 0
fin: 0
payload size: 1
seqno: 897305
syn: 0
fin: 0
payload size: 5
seqno: 897310
syn: 0
fin: 0
payload size: 6
seqno: 897316
syn: 0
fin: 0
payload size: 10
seqno: 897326
syn: 0
fin: 0
payload size: 8
seqno: 897334
syn: 0
fin: 0
payload size: 3
seqno: 897337
syn: 0
fin: 0
payload size: 6
seqno: 897343
syn: 0
fin: 0
payload size: 7
seqno: 897350
syn: 0
fin: 0
payload size: 9
seqno: 897359
syn: 0
fin: 0
payload size: 7
seqno: 897366
syn: 0
fin: 0
payload size: 8
seqno: 897374
syn: 0
fin: 0
payload size: 9
seqno: 897383
syn: 0
fin: 0
payload size: 4
seqno: 897387
syn: 0
fin: 0
payload size: 1
seqno: 897388
syn: 0
fin: 0
payload size: 10
seqno: 897398
syn: 0
fin: 0
payload size: 1
seqno: 897399
syn: 0
fin: 0
payload size: 8
seqno: 897407
syn: 0
fin: 0
payload size: 8
seqno: 897415
syn: 0
fin: 0
payload size: 2
seqno: 897417
syn: 0
fin: 0
payload size: 5
seqno: 897422
syn: 0
fin: 0
payload size: 10
seqno: 897432
syn: 0
fin: 0
payload size: 8
seqno: 897440
syn: 0
fin: 0
payload size: 6
seqno: 897446
syn: 0
fin: 0
payload size: 2
seqno: 897448
syn: 0
fin: 0
payload size: 3
seqno: 897451
syn: 0
fin: 0
payload size: 9
seqno: 897460
syn: 0
fin: 0
payload size: 9
seqno: 897469
syn: 0
fin: 0
payload size: 1
seqno: 897470
syn: 0
fin: 0
payload size: 7
seqno: 897477
syn: 0
fin: 0
payload size: 6
seqno: 897483
syn: 0
fin: 0
payload size: 3
seqno: 897486
syn: 0
fin: 0
payload size: 1
seqno: 897487
syn: 0
fin: 0
payload size: 3
seqno: 897490
syn: 0
fin: 0
payload size: 2
seqno: 897492
syn: 0
fin: 0
payload size: 8
seqno: 897500
syn: 0
fin: 0
payload size: 6
seqno: 897506
syn: 0
fin: 0
payload size: 5
seqno: 897511
syn: 0
fin: 0
payload size: 9
seqno: 897520
syn: 0
fin: 0
payload size: 10
seqno: 897530
syn: 0
fin: 0
payload size: 9
seqno: 897539
syn: 0
fin: 0
payload size: 8
seqno: 897547
syn: 0
fin: 0
payload size: 4
seqno: 897551
syn: 0
fin: 0
payload size: 4
seqno: 897555
syn: 0
fin: 0
payload size: 10
seqno: 897565
syn: 0
fin: 0
payload size: 6
seqno: 897571
syn: 0
fin: 0
payload size: 2
seqno: 897573
syn: 0
fin: 0
payload size: 6
seqno: 897579
syn: 0
fin: 0
payload size: 9
seqno: 897588
syn: 0
fin: 0
payload size: 7
seqno: 897595
syn: 0
fin: 0
payload size: 2
seqno: 897597
syn: 0
fin: 0
payload size: 2
seqno: 897599
syn: 0
fin: 0
payload size: 8
seqno: 897607
syn: 0
fin: 0
payload size: 6
seqno: 897613
syn: 0
fin: 0
payload size: 7
seqno: 897620
syn: 0
fin: 0
payload size: 3
seqno: 897623
syn: 0
fin: 0
payload size: 8
seqno: 897631
syn: 0
fin: 0
payload size: 6
seqno: 897637
syn: 0
fin: 0
payload size: 5
seqno: 897642
syn: 0
fin: 0
payload size: 3
seqno: 897645
syn: 0
fin: 0
payload size: 6
seqno: 897651
syn: 0
fin: 0
payload size: 6
seqno: 897657
syn: 0
fin: 0
payload size: 1
seqno: 897658
syn: 0
fin: 0
payload size: 1
seqno: 897659
syn: 0
fin: 0
payload size: 2
seqno: 897661
syn: 0
fin: 0
payload size: 10
seqno: 897671
syn: 0
fin: 0
payload size: 2
seqno: 897673
syn: 0
fin: 0
payload size: 5
seqno: 897678
syn: 0
fin: 0
payload size: 7
seqno: 897685
syn: 0
fin: 0
payload size: 3
seqno: 897688
syn: 0
fin: 0
payload size: 2
seqno: 897690
syn: 0
fin: 0
payload size: 6
seqno: 897696
syn: 0
fin: 0
payload size: 8
seqno: 897704
syn: 0
fin: 0
payload size: 8
seqno: 897712
syn: 0
fin: 0
payload size: 2
seqno: 897714
syn: 0
fin: 0
payload size: 4
seqno: 897718
syn: 0
fin: 0
payload size: 4
seqno: 897722
syn: 0
fin: 0
payload size: 5
seqno: 897727
syn: 0
fin: 0
payload size: 10
seqno: 897737
syn: 0
fin: 0
payload size: 3
seqno: 897740
syn: 0
fin: 0
payload size: 2
seqno: 897742
syn: 0
fin: 0
payload size: 7
seqno: 897749
syn: 0
fin: 0
payload size: 3
seqno: 897752
syn: 0
fin: 0
payload size: 7
seqno: 897759
syn: 0
fin: 0
payload size: 9
seqno: 897768
syn: 0
fin: 0
payload size: 9
seqno: 897777
syn: 0
fin: 0
payload size: 1
seqno: 897778
syn: 0
fin: 0
payload size: 1
seqno: 897779
syn: 0
fin: 0
payload size: 7
seqno: 897786
syn: 0
fin: 0
payload size: 8
seqno: 897794
syn: 0
fin: 0
payload size: 4
seqno: 897798
syn: 0
fin: 0
payload size: 3
seqno: 897801
syn: 0
fin: 0
payload size: 9
seqno: 897810
syn: 0
fin: 0
payload size: 5
seqno: 897815
syn: 0
fin: 0
payload size: 10
seqno: 897825
syn: 0
fin: 0
payload size: 2
seqno: 897827
syn: 0
fin: 0
payload size: 10
seqno: 897837
syn: 0
fin: 0
payload size: 3
seqno: 897840
syn: 0
fin: 0
payload size: 10
seqno: 897850
syn: 0
fin: 0
payload size: 4
seqno: 897854
syn: 0
fin: 0
payload size: 3
seqno: 897857
syn: 0
fin: 0
payload size: 1
seqno: 897858
syn: 0
fin: 0
payload size: 10
seqno: 897868
syn: 0
fin: 0
payload size: 6
seqno: 897874
syn: 0
fin: 0
payload size: 4
seqno: 897878
syn: 0
fin: 0
payload size: 6
seqno: 897884
syn: 0
fin: 0
payload size: 4
seqno: 897888
syn: 0
fin: 0
payload size: 3
seqno: 897891
syn: 0
fin: 0
payload size: 3
seqno: 897894
syn: 0
fin: 0
payload size: 9
seqno: 897903
syn: 0
fin: 0
payload size: 4
seqno: 897907
syn: 0
fin: 0
payload size: 5
seqno: 897912
syn: 0
fin: 0
payload size: 3
seqno: 897915
syn: 0
fin: 0
payload size: 6
seqno: 897921
syn: 0
fin: 0
payload size: 7
seqno: 897928
syn: 0
fin: 0
payload size: 5
seqno: 897933
syn: 0
fin: 0
payload size: 7
seqno: 897940
syn: 0
fin: 0
payload size: 1
seqno: 897941
syn: 0
fin: 0
payload size: 5
seqno: 897946
syn: 0
fin: 0
payload size: 3
seqno: 897949
syn: 0
fin: 0
payload size: 10
seqno: 897959
syn: 0
fin: 0
payload size: 4
seqno: 897963
syn: 0
fin: 0
payload size: 7
seqno: 897970
syn: 0
fin: 0
payload size: 7
seqno: 897977
syn: 0
fin: 0
payload size: 7
seqno: 897984
syn: 0
fin: 0
payload size: 7
seqno: 897991
syn: 0
fin: 0
payload size: 6
seqno: 897997
syn: 0
fin: 0
payload size: 8
seqno: 898005
syn: 0
fin: 0
payload size: 4
seqno: 898009
syn: 0
fin: 0
payload size: 4
seqno: 898013
syn: 0
fin: 0
payload size: 7
seqno: 898020
syn: 0
fin: 0
payload size: 9
seqno: 898029
syn: 0
fin: 0
payload size: 2
seqno: 898031
syn: 0
fin: 0
payload size: 9
seqno: 898040
syn: 0
fin: 0
payload size: 5
seqno: 898045
syn: 0
fin: 0
payload size: 5
seqno: 898050
syn: 0
fin: 0
payload size: 6
seqno: 898056
syn: 0
fin: 0
payload size: 2
seqno: 898058
syn: 0
fin: 0
payload size: 4
seqno: 898062
syn: 0
fin: 0
payload size: 5
seqno: 898067
syn: 0
fin: 0
payload size: 9
seqno: 898076
syn: 0
fin: 0
payload size: 1
seqno: 898077
syn: 0
fin: 0
payload size: 3
seqno: 898080
syn: 0
fin: 0
payload size: 2
seqno: 898082
syn: 0
fin: 0
payload size: 4
seqno: 898086
syn: 0
fin: 0
payload size: 10
seqno: 898096
syn: 0
fin: 0
payload size: 2
seqno: 898098
syn: 0
fin: 0
payload size: 6
seqno: 898104
syn: 0
fin: 0
payload size: 4
seqno: 898108
syn: 0
fin: 0
payload size: 2
seqno: 898110
syn: 0
fin: 0
payload size: 9
seqno: 898119
syn: 0
fin: 0
payload size: 10
seqno: 898129
syn: 0
fin: 0
payload size: 7
seqno: 898136
syn: 0
fin: 0
payload size: 8
seqno: 898144
syn: 0
fin: 0
payload size: 5
seqno: 898149
syn: 0
fin: 0
payload size: 5
seqno: 898154
syn: 0
fin: 0
payload size: 6
seqno: 898160
syn: 0
fin: 0
payload size: 6
seqno: 898166
syn: 0
fin: 0
payload size: 5
seqno: 898171
syn: 0
fin: 0
payload size: 4
seqno: 898175
syn: 0
fin: 0
payload size: 5
seqno: 898180
syn: 0
fin: 0
payload size: 9
seqno: 898189
syn: 0
fin: 0
payload size: 8
seqno: 898197
syn: 0
fin: 0
payload size: 6
seqno: 898203
syn: 0
fin: 0
payload size: 7
seqno: 898210
syn: 0
fin: 0
payload size: 6
seqno: 898216
syn: 0
fin: 0
payload size: 1
seqno: 898217
syn: 0
fin: 0
payload size: 8
seqno: 898225
syn: 0
fin: 0
payload size: 9
seqno: 898234
syn: 0
fin: 0
payload size: 3
seqno: 898237
syn: 0
fin: 0
payload size: 5
seqno: 898242
syn: 0
fin: 0
payload size: 1
seqno: 898243
syn: 0
fin: 0
payload size: 6
seqno: 898249
syn: 0
fin: 0
payload size: 6
seqno: 898255
syn: 0
fin: 0
payload size: 1
seqno: 898256
syn: 0
fin: 0
payload size: 1
seqno: 898257
syn: 0
fin: 0
payload size: 9
seqno: 898266
syn: 0
fin: 0
payload size: 2
seqno: 898268
syn: 0
fin: 0
payload size: 4
seqno: 898272
syn: 0
fin: 0
payload size: 6
seqno: 898278
syn: 0
fin: 0
payload size: 2
seqno: 898280
syn: 0
fin: 0
payload size: 7
seqno: 898287
syn: 0
fin: 0
payload size: 10
seqno: 898297
syn: 0
fin: 0
payload size: 2
seqno: 898299
syn: 0
fin: 0
payload size: 1
seqno: 898300
syn: 0
fin: 0
payload size: 3
seqno: 898303
syn: 0
fin: 0
payload size: 8
seqno: 898311
syn: 0
fin: 0
payload size: 5
seqno: 898316
syn: 0
fin: 0
payload size: 10
seqno: 898326
syn: 0
fin: 0
payload size: 3
seqno: 898329
syn: 0
fin: 0
payload size: 4
seqno: 898333
syn: 0
fin: 0
payload size: 2
seqno: 898335
syn: 0
fin: 0
payload size: 3
seqno: 898338
syn: 0
fin: 0
payload size: 10
seqno: 898348
syn: 0
fin: 0
payload size: 2
seqno: 898350
syn: 0
fin: 0
payload size: 7
seqno: 898357
syn: 0
fin: 0
payload size: 8
seqno: 898365
syn: 0
fin: 0
payload size: 1
seqno: 898366
syn: 0
fin: 0
payload size: 7
seqno: 898373
syn: 0
fin: 0
payload size: 1
seqno: 898374
syn: 0
fin: 0
payload size: 4
seqno: 898378
syn: 0
fin: 0
payload size: 5
seqno: 898383
syn: 0
fin: 0
payload size: 7
seqno: 898390
syn: 0
fin: 0
payload size: 9
seqno: 898399
syn: 0
fin: 0
payload size: 10
seqno: 898409
syn: 0
fin: 0
payload size: 10
seqno: 898419
syn: 0
fin: 0
payload size: 1
seqno: 898420
syn: 0
fin: 0
payload size: 3
seqno: 898423
syn: 0
fin: 0
payload size: 10
seqno: 898433
syn: 0
fin: 0
payload size: 6
seqno: 898439
syn: 0
fin: 0
payload size: 9
seqno: 898448
syn: 0
fin: 0
payload size: 5
seqno: 898453
syn: 0
fin: 0
payload size: 2
seqno: 898455
syn: 0
fin: 0
payload size: 7
seqno: 898462
syn: 0
fin: 0
payload size: 2
seqno: 898464
syn: 0
fin: 0
payload size: 3
seqno: 898467
syn: 0
fin: 0
payload size: 2
seqno: 898469
syn: 0
fin: 0
payload size: 5
seqno: 898474
syn: 0
fin: 0
payload size: 2
seqno: 898476
syn: 0
fin: 0
payload size: 10
seqno: 898486
syn: 0
fin: 0
payload size: 6
seqno: 898492
syn: 0
fin: 0
payload size: 9
seqno: 898501
syn: 0
fin: 0
payload size: 8
seqno: 898509
syn: 0
fin: 0
payload size: 10
seqno: 898519
syn: 0
fin: 0
payload size: 3
seqno: 898522
syn: 0
fin: 0
payload size: 3
seqno: 898525
syn: 0
fin: 0
payload size: 2
seqno: 898527
syn: 0
fin: 0
payload size: 8
seqno: 898535
syn: 0
fin: 0
payload size: 6
seqno: 898541
syn: 0
fin: 0
payload size: 10
seqno: 898551
syn: 0
fin: 0
payload size: 4
seqno: 898555
syn: 0
fin: 0
payload size: 5
seqno: 898560
syn: 0
fin: 0
payload size: 9
seqno: 898569
syn: 0
fin: 0
payload size: 9
seqno: 898578
syn: 0
fin: 0
payload size: 5
seqno: 898583
syn: 0
fin: 0
payload size: 4
seqno: 898587
syn: 0
fin: 0
payload size: 6
seqno: 898593
syn: 0
fin: 0
payload size: 9
seqno: 898602
syn: 0
fin: 0
payload size: 10
seqno: 898612
syn: 0
fin: 0
payload size: 2
seqno: 898614
syn: 0
fin: 0
payload size: 8
seqno: 898622
syn: 0
fin: 0
payload size: 5
seqno: 898627
syn: 0
fin: 0
payload size: 2
seqno: 898629
syn: 0
fin: 0
payload size: 7
seqno: 898636
syn: 0
fin: 0
payload size: 2
seqno: 898638
syn: 0
fin: 0
payload size: 10
seqno: 898648
syn: 0
fin: 0
payload size: 2
seqno: 898650
syn: 0
fin: 0
payload size: 10
seqno: 898660
syn: 0
fin: 0
payload size: 8
seqno: 898668
syn: 0
fin: 0
payload size: 1
seqno: 898669
syn: 0
fin: 0
payload size: 4
seqno: 898673
syn: 0
fin: 0
payload size: 4
seqno: 898677
syn: 0
fin: 0
payload size: 8
seqno: 898685
syn: 0
fin: 0
payload size: 3
seqno: 898688
syn: 0
fin: 0
payload size: 1
seqno: 898689
syn: 0
fin: 0
payload size: 7
seqno: 898696
syn: 0
fin: 0
payload size: 9
seqno: 898705
syn: 0
fin: 0
payload size: 7
seqno: 898712
syn: 0
fin: 0
payload size: 2
seqno: 898714
syn: 0
fin: 0
payload size: 5
seqno: 898719
syn: 0
fin: 0
payload size: 6
seqno: 898725
syn: 0
fin: 0
payload size: 2
seqno: 898727
syn: 0
fin: 0
payload size: 8
seqno: 898735
syn: 0
fin: 0
payload size: 4
seqno: 898739
syn: 0
fin: 0
payload size: 7
seqno: 898746
syn: 0
fin: 0
payload size: 9
seqno: 898755
syn: 0
fin: 0
payload size: 8
seqno: 898763
syn: 0
fin: 0
payload size: 2
seqno: 898765
syn: 0
fin: 0
payload size: 6
seqno: 898771
syn: 0
fin: 0
payload size: 4
seqno: 898775
syn: 0
fin: 0
payload size: 3
seqno: 898778
syn: 0
fin: 0
payload size: 4
seqno: 898782
syn: 0
fin: 0
payload size: 3
seqno: 898785
syn: 0
fin: 0
payload size: 4
seqno: 898789
syn: 0
fin: 0
payload size: 8
seqno: 898797
syn: 0
fin: 0
payload size: 2
seqno: 898799
syn: 0
fin: 0
payload size: 3
seqno: 898802
syn: 0
fin: 0
payload size: 6
seqno: 898808
syn: 0
fin: 0
payload size: 3
seqno: 898811
syn: 0
fin: 0
payload size: 1
seqno: 898812
syn: 0
fin: 0
payload size: 8
seqno: 898820
syn: 0
fin: 0
payload size: 8
seqno: 898828
syn: 0
fin: 0
payload size: 4
seqno: 898832
syn: 0
fin: 0
payload size: 9
seqno: 898841
syn: 0
fin: 0
payload size: 9
seqno: 898850
syn: 0
fin: 0
payload size: 7
seqno: 898857
syn: 0
fin: 0
payload size: 3
seqno: 898860
syn: 0
fin: 0
payload size: 7
seqno: 898867
syn: 0
fin: 0
payload size: 6
seqno: 898873
syn: 0
fin: 0
payload size: 10
seqno: 898883
syn: 0
fin: 0
payload size: 6
seqno: 898889
syn: 0
fin: 0
payload size: 4
seqno: 898893
syn: 0
fin: 0
payload size: 10
seqno: 898903
syn: 0
fin: 0
payload size: 4
seqno: 898907
syn: 0
fin: 0
payload size: 3
seqno: 898910
syn: 0
fin: 0
payload size: 9
seqno: 898919
syn: 0
fin: 0
payload size: 2
seqno: 898921
syn: 0
fin: 0
payload size: 7
seqno: 898928
syn: 0
fin: 0
payload size: 5
seqno: 898933
syn: 0
fin: 0
payload size: 1
seqno: 898934
syn: 0
fin: 0
payload size: 7
seqno: 898941
syn: 0
fin: 0
payload size: 5
seqno: 898946
syn: 0
fin: 0
payload size: 9
seqno: 898955
syn: 0
fin: 0
payload size: 1
seqno: 898956
syn: 0
fin: 0
payload size: 2
seqno: 898958
syn: 0
fin: 0
payload size: 4
seqno: 898962
syn: 0
fin: 0
payload size: 8
seqno: 898970
syn: 0
fin: 0
payload size: 5
seqno: 898975
syn: 0
fin: 0
payload size: 5
seqno: 898980
syn: 0
fin: 0
payload size: 3
seqno: 898983
syn: 0
fin: 0
payload size: 4
seqno: 898987
syn: 0
fin: 0
payload size: 1
seqno: 898988
syn: 0
fin: 0
payload size: 2
seqno: 898990
syn: 0
fin: 0
payload size: 10
seqno: 899000
syn: 0
fin: 0
payload size: 10
seqno: 899010
syn: 0
fin: 0
payload size: 8
seqno: 899018
syn: 0
fin: 0
payload size: 9
seqno: 899027
syn: 0
fin: 0
payload size: 9
seqno: 899036
syn: 0
fin: 0
payload size: 7
seqno: 899043
syn: 0
fin: 0
payload size: 3
seqno: 899046
syn: 0
fin: 0
payload size: 4
seqno: 899050
syn: 0
fin: 0
payload size: 9
seqno: 899059
syn: 0
fin: 0
payload size: 10
seqno: 899069
syn: 0
fin: 0
payload size: 8
seqno: 899077
syn: 0
fin: 0
payload size: 9
seqno: 899086
syn: 0
fin: 0
payload size: 4
seqno: 899090
syn: 0
fin: 0
payload size: 2
seqno: 899092
syn: 0
fin: 0
payload size: 1
seqno: 899093
syn: 0
fin: 0
payload size: 10
seqno: 899103
syn: 0
fin: 0
payload size: 2
seqno: 899105
syn: 0
fin: 0
payload size: 9
seqno: 899114
syn: 0
fin: 0
payload size: 4
seqno: 899118
syn: 0
fin: 0
payload size: 1
seqno: 899119
syn: 0
fin: 0
payload size: 9
seqno: 899128
syn: 0
fin: 0
payload size: 6
seqno: 899134
syn: 0
fin: 0
payload size: 8
seqno: 899142
syn: 0
fin: 0
payload size: 6
seqno: 899148
syn: 0
fin: 0
payload size: 1
seqno: 899149
syn: 0
fin: 0
payload size: 5
seqno: 899154
syn: 0
fin: 0
payload size: 2
seqno: 899156
syn: 0
fin: 0
payload size: 1
seqno: 899157
syn: 0
fin: 0
payload size: 2
seqno: 899159
syn: 0
fin: 0
payload size: 10
seqno: 899169
syn: 0
fin: 0
payload size: 10
seqno: 899179
syn: 0
fin: 0
payload size: 10
seqno: 899189
syn: 0
fin: 0
payload size: 5
seqno: 899194
syn: 0
fin: 0
payload size: 1
seqno: 899195
syn: 0
fin: 0
payload size: 6
seqno: 899201
syn: 0
fin: 0
payload size: 4
seqno: 899205
syn: 0
fin: 0
payload size: 3
seqno: 899208
syn: 0
fin: 0
payload size: 6
seqno: 899214
syn: 0
fin: 0
payload size: 10
seqno: 899224
syn: 0
fin: 0
payload size: 2
seqno: 899226
syn: 0
fin: 0
payload size: 3
seqno: 899229
syn: 0
fin: 0
payload size: 1
seqno: 899230
syn: 0
fin: 0
payload size: 6
seqno: 899236
syn: 0
fin: 0
payload size: 5
seqno: 899241
syn: 0
fin: 0
payload size: 6
seqno: 899247
syn: 0
fin: 0
payload size: 3
seqno: 899250
syn: 0
fin: 0
payload size: 5
seqno: 899255
syn: 0
fin: 0
payload size: 10
seqno: 899265
syn: 0
fin: 0
payload size: 6
seqno: 899271
syn: 0
fin: 0
payload size: 10
seqno: 899281
syn: 0
fin: 0
payload size: 7
seqno: 899288
syn: 0
fin: 0
payload size: 3
seqno: 899291
syn: 0
fin: 0
payload size: 2
seqno: 899293
syn: 0
fin: 0
payload size: 4
seqno: 899297
syn: 0
fin: 0
payload size: 4
seqno: 899301
syn: 0
fin: 0
payload size: 4
seqno: 899305
syn: 0
fin: 0
payload size: 8
seqno: 899313
syn: 0
fin: 0
payload size: 5
seqno: 899318
syn: 0
fin: 0
payload size: 1
seqno: 899319
syn: 0
fin: 0
payload size: 5
seqno: 899324
syn: 0
fin: 0
payload size: 3
seqno: 899327
syn: 0
fin: 0
payload size: 8
seqno: 899335
syn: 0
fin: 0
payload size: 3
seqno: 899338
syn: 0
fin: 0
payload size: 1
seqno: 899339
syn: 0
fin: 0
payload size: 8
seqno: 899347
syn: 0
fin: 0
payload size: 6
seqno: 899353
syn: 0
fin: 0
payload size: 2
seqno: 899355
syn: 0
fin: 0
payload size: 1
seqno: 899356
syn: 0
fin: 0
payload size: 1
seqno: 899357
syn: 0
fin: 0
payload size: 5
seqno: 899362
syn: 0
fin: 0
payload size: 10
seqno: 899372
syn: 0
fin: 0
payload size: 7
seqno: 899379
syn: 0
fin: 0
payload size: 7
seqno: 899386
syn: 0
fin: 0
payload size: 3
seqno: 899389
syn: 0
fin: 0
payload size: 7
seqno: 899396
syn: 0
fin: 0
payload size: 4
seqno: 899400
syn: 0
fin: 0
payload size: 2
seqno: 899402
syn: 0
fin: 0
payload size: 8
seqno: 899410
syn: 0
fin: 0
payload size: 6
seqno: 899416
syn: 0
fin: 0
payload size: 10
seqno: 899426
syn: 0
fin: 0
payload size: 3
seqno: 899429
syn: 0
fin: 0
payload size: 2
seqno: 899431
syn: 0
fin: 0
payload size: 6
seqno: 899437
syn: 0
fin: 0
payload size: 5
seqno: 899442
syn: 0
fin: 0
payload size: 10
seqno: 899452
syn: 0
fin: 0
payload size: 1
seqno: 899453
syn: 0
fin: 0
payload size: 2
seqno: 899455
syn: 0
fin: 0
payload size: 2
seqno: 899457
syn: 0
fin: 0
payload size: 7
seqno: 899464
syn: 0
fin: 0
payload size: 3
seqno: 899467
syn: 0
fin: 0
payload size: 6
seqno: 899473
syn: 0
fin: 0
payload size: 7
seqno: 899480
syn: 0
fin: 0
payload size: 6
seqno: 899486
syn: 0
fin: 0
payload size: 7
seqno: 899493
syn: 0
fin: 0
payload size: 6
seqno: 899499
syn: 0
fin: 0
payload size: 6
seqno: 899505
syn: 0
fin: 0
payload size: 1
seqno: 899506
syn: 0
fin: 0
payload size: 5
seqno: 899511
syn: 0
fin: 0
payload size: 3
seqno: 899514
syn: 0
fin: 0
payload size: 6
seqno: 899520
syn: 0
fin: 0
payload size: 6
seqno: 899526
syn: 0
fin: 0
payload size: 6
seqno: 899532
syn: 0
fin: 0
payload size: 8
seqno: 899540
syn: 0
fin: 0
payload size: 6
seqno: 899546
syn: 0
fin: 0
payload size: 8
seqno: 899554
syn: 0
fin: 0
payload size: 7
seqno: 899561
syn: 0
fin: 0
payload size: 1
seqno: 899562
syn: 0
fin: 0
payload size: 10
seqno: 899572
syn: 0
fin: 0
payload size: 9
seqno: 899581
syn: 0
fin: 0
payload size: 6
seqno: 899587
syn: 0
fin: 0
payload size: 2
seqno: 899589
syn: 0
fin: 0
payload size: 4
seqno: 899593
syn: 0
fin: 0
payload size: 9
seqno: 899602
syn: 0
fin: 0
payload size: 10
seqno: 899612
syn: 0
fin: 0
payload size: 2
seqno: 899614
syn: 0
fin: 0
payload size: 3
seqno: 899617
syn: 0
fin: 0
payload size: 4
seqno: 899621
syn: 0
fin: 0
payload size: 4
seqno: 899625
syn: 0
fin: 0
payload size: 3
seqno: 899628
syn: 0
fin: 0
payload size: 4
seqno: 899632
syn: 0
fin: 0
payload size: 2
seqno: 899634
syn: 0
fin: 0
payload size: 9
seqno: 899643
syn: 0
fin: 0
payload size: 1
seqno: 899644
syn: 0
fin: 0
payload size: 10
seqno: 899654
syn: 0
fin: 0
payload size: 1
seqno: 899655
syn: 0
fin: 0
payload size: 5
seqno: 899660
syn: 0
fin: 0
payload size: 9
seqno: 899669
syn: 0
fin: 0
payload size: 5
seqno: 899674
syn: 0
fin: 0
payload size: 1
seqno: 899675
syn: 0
fin: 0
payload size: 2
seqno: 899677
syn: 0
fin: 0
payload size: 10
seqno: 899687
syn: 0
fin: 0
payload size: 2
seqno: 899689
syn: 0
fin: 0
payload size: 5
seqno: 899694
syn: 0
fin: 0
payload size: 5
seqno: 899699
syn: 0
fin: 0
payload size: 9
seqno: 899708
syn: 0
fin: 0
payload size: 5
seqno: 899713
syn: 0
fin: 0
payload size: 1
seqno: 899714
syn: 0
fin: 0
payload size: 9
seqno: 899723
syn: 0
fin: 0
payload size: 10
seqno: 899733
syn: 0
fin: 0
payload size: 7
seqno: 899740
syn: 0
fin: 0
payload size: 5
seqno: 899745
syn: 0
fin: 0
payload size: 6
seqno: 899751
syn: 0
fin: 0
payload size: 9
seqno: 899760
syn: 0
fin: 0
payload size: 3
seqno: 899763
syn: 0
fin: 0
payload size: 3
seqno: 899766
syn: 0
fin: 0
payload size: 10
seqno: 899776
syn: 0
fin: 0
payload size: 4
seqno: 899780
syn: 0
fin: 0
payload size: 4
seqno: 899784
syn: 0
fin: 0
payload size: 6
seqno: 899790
syn: 0
fin: 0
payload size: 5
seqno: 899795
syn: 0
fin: 0
payload size: 7
seqno: 899802
syn: 0
fin: 0
payload size: 10
seqno: 899812
syn: 0
fin: 0
payload size: 10
seqno: 899822
syn: 0
fin: 0
payload size: 8
seqno: 899830
syn: 0
fin: 0
payload size: 2
seqno: 899832
syn: 0
fin: 0
payload size: 6
seqno: 899838
syn: 0
fin: 0
payload size: 4
seqno: 899842
syn: 0
fin: 0
payload size: 3
seqno: 899845
syn: 0
fin: 0
payload size: 1
seqno: 899846
syn: 0
fin: 0
payload size: 6
seqno: 899852
syn: 0
fin: 0
payload size: 1
seqno: 899853
syn: 0
fin: 0
payload size: 5
seqno: 899858
syn: 0
fin: 0
payload size: 1
seqno: 899859
syn: 0
fin: 0
payload size: 1
seqno: 899860
syn: 0
fin: 0
payload size: 6
seqno: 899866
syn: 0
fin: 0
payload size: 2
seqno: 899868
syn: 0
fin: 0
payload size: 2
seqno: 899870
syn: 0
fin: 0
payload size: 2
seqno: 899872
syn: 0
fin: 0
payload size: 10
seqno: 899882
syn: 0
fin: 0
payload size: 3
seqno: 899885
syn: 0
fin: 0
payload size: 6
seqno: 899891
syn: 0
fin: 0
payload size: 2
seqno: 899893
syn: 0
fin: 0
payload size: 8
seqno: 899901
syn: 0
fin: 0
payload size: 1
seqno: 899902
syn: 0
fin: 0
payload size: 7
seqno: 899909
syn: 0
fin: 0
payload size: 5
seqno: 899914
syn: 0
fin: 0
payload size: 1
seqno: 899915
syn: 0
fin: 0
payload size: 5
seqno: 899920
syn: 0
fin: 0
payload size: 9
seqno: 899929
syn: 0
fin: 0
payload size: 7
seqno: 899936
syn: 0
fin: 0
payload size: 5
seqno: 899941
syn: 0
fin: 0
payload size: 3
seqno: 899944
syn: 0
fin: 0
payload size: 8
seqno: 899952
syn: 0
fin: 0
payload size: 8
seqno: 899960
syn: 0
fin: 0
payload size: 3
seqno: 899963
syn: 0
fin: 0
payload size: 10
seqno: 899973
syn: 0
fin: 0
payload size: 5
seqno: 899978
syn: 0
fin: 0
payload size: 1
seqno: 899979
syn: 0
fin: 0
payload size: 6
seqno: 899985
syn: 0
fin: 0
payload size: 2
seqno: 899987
syn: 0
fin: 0
payload size: 1
seqno: 899988
syn: 0
fin: 0
payload size: 5
seqno: 899993
syn: 0
fin: 0
payload size: 4
seqno: 899997
syn: 0
fin: 0
payload size: 9
seqno: 900006
syn: 0
fin: 0
payload size: 8
seqno: 900014
syn: 0
fin: 0
payload size: 9
seqno: 900023
syn: 0
fin: 0
payload size: 9
seqno: 900032
syn: 0
fin: 0
payload size: 8
seqno: 900040
syn: 0
fin: 0
payload size: 6
seqno: 900046
syn: 0
fin: 0
payload size: 9
seqno: 900055
syn: 0
fin: 0
payload size: 1
seqno: 900056
syn: 0
fin: 0
payload size: 3
seqno: 900059
syn: 0
fin: 0
payload size: 6
seqno: 900065
syn: 0
fin: 0
payload size: 6
seqno: 900071
syn: 0
fin: 0
payload size: 7
seqno: 900078
syn: 0
fin: 0
payload size: 7
seqno: 900085
syn: 0
fin: 0
payload size: 10
seqno: 900095
syn: 0
fin: 0
payload size: 6
seqno: 900101
syn: 0
fin: 0
payload size: 1
seqno: 900102
syn: 0
fin: 0
payload size: 3
seqno: 900105
syn: 0
fin: 0
payload size: 8
seqno: 900113
syn: 0
fin: 0
payload size: 10
seqno: 900123
syn: 0
fin: 0
payload size: 3
seqno: 900126
syn: 0
fin: 0
payload size: 5
seqno: 900131
syn: 0
fin: 0
payload size: 3
seqno: 900134
syn: 0
fin: 0
payload size: 6
seqno: 900140
syn: 0
fin: 0
payload size: 9
seqno: 900149
syn: 0
fin: 0
payload size: 7
seqno: 900156
syn: 0
fin: 0
payload size: 5
seqno: 900161
syn: 0
fin: 0
payload size: 2
seqno: 900163
syn: 0
fin: 0
payload size: 9
seqno: 900172
syn: 0
fin: 0
payload size: 10
seqno: 900182
syn: 0
fin: 0
payload size: 5
seqno: 900187
syn: 0
fin: 0
payload size: 9
seqno: 900196
syn: 0
fin: 0
payload size: 9
seqno: 900205
syn: 0
fin: 0
payload size: 10
seqno: 900215
syn: 0
fin: 0
payload size: 9
seqno: 900224
syn: 0
fin: 0
payload size: 10
seqno: 900234
syn: 0
fin: 0
payload size: 7
seqno: 900241
syn: 0
fin: 0
payload size: 2
seqno: 900243
syn: 0
fin: 0
payload size: 4
seqno: 900247
syn: 0
fin: 0
payload size: 8
seqno: 900255
syn: 0
fin: 0
payload size: 1
seqno: 900256
syn: 0
fin: 0
payload size: 9
seqno: 900265
syn: 0
fin: 0
payload size: 6
seqno: 900271
syn: 0
fin: 0
payload size: 2
seqno: 900273
syn: 0
fin: 0
payload size: 8
seqno: 900281
syn: 0
fin: 0
payload size: 10
seqno: 900291
syn: 0
fin: 0
payload size: 2
seqno: 900293
syn: 0
fin: 0
payload size: 1
seqno: 900294
syn: 0
fin: 0
payload size: 10
seqno: 900304
syn: 0
fin: 0
payload size: 6
seqno: 900310
syn: 0
fin: 0
payload size: 1
seqno: 900311
syn: 0
fin: 0
payload size: 8
seqno: 900319
syn: 0
fin: 0
payload size: 10
seqno: 900329
syn: 0
fin: 0
payload size: 7
seqno: 900336
syn: 0
fin: 0
payload size: 6
seqno: 900342
syn: 0
fin: 0
payload size: 3
seqno: 900345
syn: 0
fin: 0
payload size: 2
seqno: 900347
syn: 0
fin: 0
payload size: 4
seqno: 900351
syn: 0
fin: 0
payload size: 6
seqno: 900357
syn: 0
fin: 0
payload size: 9
seqno: 900366
syn: 0
fin: 0
payload size: 8
seqno: 900374
syn: 0
fin: 0
payload size: 3
seqno: 900377
syn: 0
fin: 0
payload size: 4
seqno: 900381
syn: 0
fin: 0
payload size: 10
seqno: 900391
syn: 0
fin: 0
payload size: 10
seqno: 900401
syn: 0
fin: 0
payload size: 9
seqno: 900410
syn: 0
fin: 0
payload size: 6
seqno: 900416
syn: 0
fin: 0
payload size: 6
seqno: 900422
syn: 0
fin: 0
payload size: 6
seqno: 900428
syn: 0
fin: 0
payload size: 8
seqno: 900436
syn: 0
fin: 0
payload size: 4
seqno: 900440
syn: 0
fin: 0
payload size: 3
seqno: 900443
syn: 0
fin: 0
payload size: 5
seqno: 900448
syn: 0
fin: 0
payload size: 6
seqno: 900454
syn: 0
fin: 0
payload size: 2
seqno: 900456
syn: 0
fin: 0
payload size: 3
seqno: 900459
syn: 0
fin: 0
payload size: 8
seqno: 900467
syn: 0
fin: 0
payload size: 6
seqno: 900473
syn: 0
fin: 0
payload size: 4
seqno: 900477
syn: 0
fin: 0
payload size: 10
seqno: 900487
syn: 0
fin: 0
payload size: 9
seqno: 900496
syn: 0
fin: 0
payload size: 1
seqno: 900497
syn: 0
fin: 0
payload size: 1
seqno: 900498
syn: 0
fin: 0
payload size: 3
seqno: 900501
syn: 0
fin: 0
payload size: 5
seqno: 900506
syn: 0
fin: 0
payload size: 4
seqno: 900510
syn: 0
fin: 0
payload size: 5
seqno: 900515
syn: 0
fin: 0
payload size: 2
seqno: 900517
syn: 0
fin: 0
payload size: 5
seqno: 900522
syn: 0
fin: 0
payload size: 10
seqno: 900532
syn: 0
fin: 0
payload size: 2
seqno: 900534
syn: 0
fin: 0
payload size: 6
seqno: 900540
syn: 0
fin: 0
payload size: 4
seqno: 900544
syn: 0
fin: 0
payload size: 9
seqno: 900553
syn: 0
fin: 0
payload size: 8
seqno: 900561
syn: 0
fin: 0
payload size: 7
seqno: 900568
syn: 0
fin: 0
payload size: 8
seqno: 900576
syn: 0
fin: 0
payload size: 8
seqno: 900584
syn: 0
fin: 0
payload size: 3
seqno: 900587
syn: 0
fin: 0
payload size: 7
seqno: 900594
syn: 0
fin: 0
payload size: 8
seqno: 900602
syn: 0
fin: 0
payload size: 1
seqno: 900603
syn: 0
fin: 0
payload size: 2
seqno: 900605
syn: 0
fin: 0
payload size: 1
seqno: 900606
syn: 0
fin: 0
payload size: 9
seqno: 900615
syn: 0
fin: 0
payload size: 4
seqno: 900619
syn: 0
fin: 0
payload size: 3
seqno: 900622
syn: 0
fin: 0
payload size: 6
seqno: 900628
syn: 0
fin: 0
payload size: 5
seqno: 900633
syn: 0
fin: 0
payload size: 1
seqno: 900634
syn: 0
fin: 0
payload size: 6
seqno: 900640
syn: 0
fin: 0
payload size: 2
seqno: 900642
syn: 0
fin: 0
payload size: 8
seqno: 900650
syn: 0
fin: 0
payload size: 4
seqno: 900654
syn: 0
fin: 0
payload size: 4
seqno: 900658
syn: 0
fin: 0
payload size: 7
seqno: 900665
syn: 0
fin: 0
payload size: 3
seqno: 900668
syn: 0
fin: 0
payload size: 8
seqno: 900676
syn: 0
fin: 0
payload size: 8
seqno: 900684
syn: 0
fin: 0
payload size: 4
seqno: 900688
syn: 0
fin: 0
payload size: 1
seqno: 900689
syn: 0
fin: 0
payload size: 2
seqno: 900691
syn: 0
fin: 0
payload size: 9
seqno: 900700
syn: 0
fin: 0
payload size: 1
seqno: 900701
syn: 0
fin: 0
payload size: 4
seqno: 900705
syn: 0
fin: 0
payload size: 7
seqno: 900712
syn: 0
fin: 0
payload size: 1
seqno: 900713
syn: 0
fin: 0
payload size: 1
seqno: 900714
syn: 0
fin: 0
payload size: 3
seqno: 900717
syn: 0
fin: 0
payload size: 8
seqno: 900725
syn: 0
fin: 0
payload size: 4
seqno: 900729
syn: 0
fin: 0
payload size: 9
seqno: 900738
syn: 0
fin: 0
payload size: 10
seqno: 900748
syn: 0
fin: 0
payload size: 10
seqno: 900758
syn: 0
fin: 0
payload size: 2
seqno: 900760
syn: 0
fin: 0
payload size: 5
seqno: 900765
syn: 0
fin: 0
payload size: 9
seqno: 900774
syn: 0
fin: 0
payload size: 3
seqno: 900777
syn: 0
fin: 0
payload size: 3
seqno: 900780
syn: 0
fin: 0
payload size: 1
seqno: 900781
syn: 0
fin: 0
payload size: 2
seqno: 900783
syn: 0
fin: 0
payload size: 4
seqno: 900787
syn: 0
fin: 0
payload size: 10
seqno: 900797
syn: 0
fin: 0
payload size: 3
seqno: 900800
syn: 0
fin: 0
payload size: 5
seqno: 900805
syn: 0
fin: 0
payload size: 6
seqno: 900811
syn: 0
fin: 0
payload size: 3
seqno: 900814
syn: 0
fin: 0
payload size: 3
seqno: 900817
syn: 0
fin: 0
payload size: 9
seqno: 900826
syn: 0
fin: 0
payload size: 8
seqno: 900834
syn: 0
fin: 0
payload size: 7
seqno: 900841
syn: 0
fin: 0
payload size: 10
seqno: 900851
syn: 0
fin: 0
payload size: 5
seqno: 900856
syn: 0
fin: 0
payload size: 5
seqno: 900861
syn: 0
fin: 0
payload size: 1
seqno: 900862
syn: 0
fin: 0
payload size: 6
seqno: 900868
syn: 0
fin: 0
payload size: 5
seqno: 900873
syn: 0
fin: 0
payload size: 2
seqno: 900875
syn: 0
fin: 0
payload size: 1
seqno: 900876
syn: 0
fin: 0
payload size: 10
seqno: 900886
syn: 0
fin: 0
payload size: 2
seqno: 900888
syn: 0
fin: 0
payload size: 5
seqno: 900893
syn: 0
fin: 0
payload size: 10
seqno: 900903
syn: 0
fin: 0
payload size: 9
seqno: 900912
syn: 0
fin: 0
payload size: 1
seqno: 900913
syn: 0
fin: 0
payload size: 8
seqno: 900921
syn: 0
fin: 0
payload size: 1
seqno: 900922
syn: 0
fin: 0
payload size: 10
seqno: 900932
syn: 0
fin: 0
payload size: 10
seqno: 900942
syn: 0
fin: 0
payload size: 9
seqno: 900951
syn: 0
fin: 0
payload size: 5
seqno: 900956
syn: 0
fin: 0
payload size: 3
seqno: 900959
syn: 0
fin: 0
payload size: 8
seqno: 900967
syn: 0
fin: 0
payload size: 9
seqno: 900976
syn: 0
fin: 0
payload size: 9
seqno: 900985
syn: 0
fin: 0
payload size: 7
seqno: 900992
syn: 0
fin: 0
payload size: 4
seqno: 900996
syn: 0
fin: 0
payload size: 3
seqno: 900999
syn: 0
fin: 0
payload size: 10
seqno: 901009
syn: 0
fin: 0
payload size: 8
seqno: 901017
syn: 0
fin: 0
payload size: 10
seqno: 901027
syn: 0
fin: 0
payload size: 8
seqno: 901035
syn: 0
fin: 0
payload size: 9
seqno: 901044
syn: 0
fin: 0
payload size: 10
seqno: 901054
syn: 0
fin: 0
payload size: 4
seqno: 901058
syn: 0
fin: 0
payload size: 2
seqno: 901060
syn: 0
fin: 0
payload size: 6
seqno: 901066
syn: 0
fin: 0
payload size: 3
seqno: 901069
syn: 0
fin: 0
payload size: 8
seqno: 901077
syn: 0
fin: 0
payload size: 8
seqno: 901085
syn: 0
fin: 0
payload size: 10
seqno: 901095
syn: 0
fin: 0
payload size: 10
seqno: 901105
syn: 0
fin: 0
payload size: 4
seqno: 901109
syn: 0
fin: 0
payload size: 7
seqno: 901116
syn: 0
fin: 0
payload size: 9
seqno: 901125
syn: 0
fin: 0
payload size: 7
seqno: 901132
syn: 0
fin: 0
payload size: 9
seqno: 901141
syn: 0
fin: 0
payload size: 9
seqno: 901150
syn: 0
fin: 0
payload size: 4
seqno: 901154
syn: 0
fin: 0
payload size: 8
seqno: 901162
syn: 0
fin: 0
payload size: 1
seqno: 901163
syn: 0
fin: 0
payload size: 2
seqno: 901165
syn: 0
fin: 0
payload size: 1
seqno: 901166
syn: 0
fin: 0
payload size: 6
seqno: 901172
syn: 0
fin: 0
payload size: 4
seqno: 901176
syn: 0
fin: 0
payload size: 9
seqno: 901185
syn: 0
fin: 0
payload size: 10
seqno: 901195
syn: 0
fin: 0
payload size: 3
seqno: 901198
syn: 0
fin: 0
payload size: 1
seqno: 901199
syn: 0
fin: 0
payload size: 7
seqno: 901206
syn: 0
fin: 0
payload size: 1
seqno: 901207
syn: 0
fin: 0
payload size: 6
seqno: 901213
syn: 0
fin: 0
payload size: 5
seqno: 901218
syn: 0
fin: 0
payload size: 2
seqno: 901220
syn: 0
fin: 0
payload size: 7
seqno: 901227
syn: 0
fin: 0
payload size: 4
seqno: 901231
syn: 0
fin: 0
payload size: 1
seqno: 901232
syn: 0
fin: 0
payload size: 10
seqno: 901242
syn: 0
fin: 0
payload size: 3
seqno: 901245
syn: 0
fin: 0
payload size: 5
seqno: 901250
syn: 0
fin: 0
payload size: 9
seqno: 901259
syn: 0
fin: 0
payload size: 2
seqno: 901261
syn: 0
fin: 0
payload size: 4
seqno: 901265
syn: 0
fin: 0
payload size: 5
seqno: 901270
syn: 0
fin: 0
payload size: 2
seqno: 901272
syn: 0
fin: 0
payload size: 3
seqno: 901275
syn: 0
fin: 0
payload size: 2
seqno: 901277
syn: 0
fin: 0
payload size: 1
seqno: 901278
syn: 0
fin: 0
payload size: 9
seqno: 901287
syn: 0
fin: 0
payload size: 2
seqno: 901289
syn: 0
fin: 0
payload size: 10
seqno: 901299
syn: 0
fin: 0
payload size: 5
seqno: 901304
syn: 0
fin: 0
payload size: 9
seqno: 901313
syn: 0
fin: 0
payload size: 8
seqno: 901321
syn: 0
fin: 0
payload size: 3
seqno: 901324
syn: 0
fin: 0
payload size: 7
seqno: 901331
syn: 0
fin: 0
payload size: 4
seqno: 901335
syn: 0
fin: 0
payload size: 9
seqno: 901344
syn: 0
fin: 0
payload size: 1
seqno: 901345
syn: 0
fin: 0
payload size: 4
seqno: 901349
syn: 0
fin: 0
payload size: 5
seqno: 901354
syn: 0
fin: 0
payload size: 10
seqno: 901364
syn: 0
fin: 0
payload size: 2
seqno: 901366
syn: 0
fin: 0
payload size: 6
seqno: 901372
syn: 0
fin: 0
payload size: 10
seqno: 901382
syn: 0
fin: 0
payload size: 1
seqno: 901383
syn: 0
fin: 0
payload size: 3
seqno: 901386
syn: 0
fin: 0
payload size: 6
seqno: 901392
syn: 0
fin: 0
payload size: 9
seqno: 901401
syn: 0
fin: 0
payload size: 1
seqno: 901402
syn: 0
fin: 0
payload size: 4
seqno: 901406
syn: 0
fin: 0
payload size: 10
seqno: 901416
syn: 0
fin: 0
payload size: 4
seqno: 901420
syn: 0
fin: 0
payload size: 8
seqno: 901428
syn: 0
fin: 0
payload size: 10
seqno: 901438
syn: 0
fin: 0
payload size: 5
seqno: 901443
syn: 0
fin: 0
payload size: 4
seqno: 901447
syn: 0
fin: 0
payload size: 9
seqno: 901456
syn: 0
fin: 0
payload size: 6
seqno: 901462
syn: 0
fin: 0
payload size: 7
seqno: 901469
syn: 0
fin: 0
payload size: 1
seqno: 901470
syn: 0
fin: 0
payload size: 1
seqno: 901471
syn: 0
fin: 0
payload size: 1
seqno: 901472
syn: 0
fin: 0
payload size: 10
seqno: 901482
syn: 0
fin: 0
payload size: 4
seqno: 901486
syn: 0
fin: 0
payload size: 10
seqno: 901496
syn: 0
fin: 0
payload size: 3
seqno: 901499
syn: 0
fin: 0
payload size: 1
seqno: 901500
syn: 0
fin: 0
payload size: 9
seqno: 901509
syn: 0
fin: 0
payload size: 10
seqno: 901519
syn: 0
fin: 0
payload size: 7
seqno: 901526
syn: 0
fin: 0
payload size: 9
seqno: 901535
syn: 0
fin: 0
payload size: 2
seqno: 901537
syn: 0
fin: 0
payload size: 9
seqno: 901546
syn: 0
fin: 0
payload size: 8
seqno: 901554
syn: 0
fin: 0
payload size: 6
seqno: 901560
syn: 0
fin: 0
payload size: 9
seqno: 901569
syn: 0
fin: 0
payload size: 4
seqno: 901573
syn: 0
fin: 0
payload size: 7
seqno: 901580
syn: 0
fin: 0
payload size: 9
seqno: 901589
syn: 0
fin: 0
payload size: 9
seqno: 901598
syn: 0
fin: 0
payload size: 9
seqno: 901607
syn: 0
fin: 0
payload size: 10
seqno: 901617
syn: 0
fin: 0
payload size: 6
seqno: 901623
syn: 0
fin: 0
payload size: 5
seqno: 901628
syn: 0
fin: 0
payload size: 9
seqno: 901637
syn: 0
fin: 0
payload size: 7
seqno: 901644
syn: 0
fin: 0
payload size: 2
seqno: 901646
syn: 0
fin: 0
payload size: 2
seqno: 901648
syn: 0
fin: 0
payload size: 9
seqno: 901657
syn: 0
fin: 0
payload size: 10
seqno: 901667
syn: 0
fin: 0
payload size: 10
seqno: 901677
syn: 0
fin: 0
payload size: 5
seqno: 901682
syn: 0
fin: 0
payload size: 8
seqno: 901690
syn: 0
fin: 0
payload size: 1
seqno: 901691
syn: 0
fin: 0
payload size: 8
seqno: 901699
syn: 0
fin: 0
payload size: 4
seqno: 901703
syn: 0
fin: 0
payload size: 2
seqno: 901705
syn: 0
fin: 0
payload size: 5
seqno: 901710
syn: 0
fin: 0
payload size: 8
seqno: 901718
syn: 0
fin: 0
payload size: 5
seqno: 901723
syn: 0
fin: 0
payload size: 1
seqno: 901724
syn: 0
fin: 0
payload size: 1
seqno: 901725
syn: 0
fin: 0
payload size: 7
seqno: 901732
syn: 0
fin: 0
payload size: 7
seqno: 901739
syn: 0
fin: 0
payload size: 8
seqno: 901747
syn: 0
fin: 0
payload size: 6
seqno: 901753
syn: 0
fin: 0
payload size: 5
seqno: 901758
syn: 0
fin: 0
payload size: 8
seqno: 901766
syn: 0
fin: 0
payload size: 1
seqno: 901767
syn: 0
fin: 0
payload size: 8
seqno: 901775
syn: 0
fin: 0
payload size: 3
seqno: 901778
syn: 0
fin: 0
payload size: 3
seqno: 901781
syn: 0
fin: 0
payload size: 8
seqno: 901789
syn: 0
fin: 0
payload size: 1
seqno: 901790
syn: 0
fin: 0
payload size: 1
seqno: 901791
syn: 0
fin: 0
payload size: 2
seqno: 901793
syn: 0
fin: 0
payload size: 8
seqno: 901801
syn: 0
fin: 0
payload size: 4
seqno: 901805
syn: 0
fin: 0
payload size: 7
seqno: 901812
syn: 0
fin: 0
payload size: 6
seqno: 901818
syn: 0
fin: 0
payload size: 6
seqno: 901824
syn: 0
fin: 0
payload size: 1
seqno: 901825
syn: 0
fin: 0
payload size: 3
seqno: 901828
syn: 0
fin: 0
payload size: 9
seqno: 901837
syn: 0
fin: 0
payload size: 9
seqno: 901846
syn: 0
fin: 0
payload size: 4
seqno: 901850
syn: 0
fin: 0
payload size: 1
seqno: 901851
syn: 0
fin: 0
payload size: 2
seqno: 901853
syn: 0
fin: 0
payload size: 1
seqno: 901854
syn: 0
fin: 0
payload size: 5
seqno: 901859
syn: 0
fin: 0
payload size: 2
seqno: 901861
syn: 0
fin: 0
payload size: 1
seqno: 901862
syn: 0
fin: 0
payload size: 6
seqno: 901868
syn: 0
fin: 0
payload size: 4
seqno: 901872
syn: 0
fin: 0
payload size: 3
seqno: 901875
syn: 0
fin: 0
payload size: 3
seqno: 901878
syn: 0
fin: 0
payload size: 2
seqno: 901880
syn: 0
fin: 0
payload size: 1
seqno: 901881
syn: 0
fin: 0
payload size: 7
seqno: 901888
syn: 0
fin: 0
payload size: 5
seqno: 901893
syn: 0
fin: 0
payload size: 4
seqno: 901897
syn: 0
fin: 0
payload size: 9
seqno: 901906
syn: 0
fin: 0
payload size: 4
seqno: 901910
syn: 0
fin: 0
payload size: 8
seqno: 901918
syn: 0
fin: 0
payload size: 6
seqno: 901924
syn: 0
fin: 0
payload size: 10
seqno: 901934
syn: 0
fin: 0
payload size: 6
seqno: 901940
syn: 0
fin: 0
payload size: 7
seqno: 901947
syn: 0
fin: 0
payload size: 10
seqno: 901957
syn: 0
fin: 0
payload size: 6
seqno: 901963
syn: 0
fin: 0
payload size: 9
seqno: 901972
syn: 0
fin: 0
payload size: 8
seqno: 901980
syn: 0
fin: 0
payload size: 8
seqno: 901988
syn: 0
fin: 0
payload size: 1
seqno: 901989
syn: 0
fin: 0
payload size: 3
seqno: 901992
syn: 0
fin: 0
payload size: 3
seqno: 901995
syn: 0
fin: 0
payload size: 7
seqno: 902002
syn: 0
fin: 0
payload size: 8
seqno: 902010
syn: 0
fin: 0
payload size: 3
seqno: 902013
syn: 0
fin: 0
payload size: 7
seqno: 902020
syn: 0
fin: 0
payload size: 2
seqno: 902022
syn: 0
fin: 0
payload size: 9
seqno: 902031
syn: 0
fin: 0
payload size: 1
seqno: 902032
syn: 0
fin: 0
payload size: 2
seqno: 902034
syn: 0
fin: 0
payload size: 6
seqno: 902040
syn: 0
fin: 0
payload size: 5
seqno: 902045
syn: 0
fin: 0
payload size: 4
seqno: 902049
syn: 0
fin: 0
payload size: 2
seqno: 902051
syn: 0
fin: 0
payload size: 8
seqno: 902059
syn: 0
fin: 0
payload size: 9
seqno: 902068
syn: 0
fin: 0
payload size: 10
seqno: 902078
syn: 0
fin: 0
payload size: 7
seqno: 902085
syn: 0
fin: 0
payload size: 2
seqno: 902087
syn: 0
fin: 0
payload size: 6
seqno: 902093
syn: 0
fin: 0
payload size: 10
seqno: 902103
syn: 0
fin: 0
payload size: 10
seqno: 902113
syn: 0
fin: 0
payload size: 1
seqno: 902114
syn: 0
fin: 0
payload size: 3
seqno: 902117
syn: 0
fin: 0
payload size: 4
seqno: 902121
syn: 0
fin: 0
payload size: 7
seqno: 902128
syn: 0
fin: 0
payload size: 3
seqno: 902131
syn: 0
fin: 0
payload size: 10
seqno: 902141
syn: 0
fin: 0
payload size: 1
seqno: 902142
syn: 0
fin: 0
payload size: 9
seqno: 902151
syn: 0
fin: 0
payload size: 3
seqno: 902154
syn: 0
fin: 0
payload size: 1
seqno: 902155
syn: 0
fin: 0
payload size: 10
seqno: 902165
syn: 0
fin: 0
payload size: 2
seqno: 902167
syn: 0
fin: 0
payload size: 4
seqno: 902171
syn: 0
fin: 0
payload size: 6
seqno: 902177
syn: 0
fin: 0
payload size: 8
seqno: 902185
syn: 0
fin: 0
payload size: 6
seqno: 902191
syn: 0
fin: 0
payload size: 6
seqno: 902197
syn: 0
fin: 0
payload size: 6
seqno: 902203
syn: 0
fin: 0
payload size: 7
seqno: 902210
syn: 0
fin: 0
payload size: 4
seqno: 902214
syn: 0
fin: 0
payload size: 3
seqno: 902217
syn: 0
fin: 0
payload size: 8
seqno: 902225
syn: 0
fin: 0
payload size: 7
seqno: 902232
syn: 0
fin: 0
payload size: 5
seqno: 902237
syn: 0
fin: 0
payload size: 6
seqno: 902243
syn: 0
fin: 0
payload size: 7
seqno: 902250
syn: 0
fin: 0
payload size: 2
seqno: 902252
syn: 0
fin: 0
payload size: 10
seqno: 902262
syn: 0
fin: 0
payload size: 10
seqno: 902272
syn: 0
fin: 0
payload size: 9
seqno: 902281
syn: 0
fin: 0
payload size: 6
seqno: 902287
syn: 0
fin: 0
payload size: 4
seqno: 902291
syn: 0
fin: 0
payload size: 5
seqno: 902296
syn: 0
fin: 0
payload size: 2
seqno: 902298
syn: 0
fin: 0
payload size: 9
seqno: 902307
syn: 0
fin: 0
payload size: 8
seqno: 902315
syn: 0
fin: 0
payload size: 3
seqno: 902318
syn: 0
fin: 0
payload size: 5
seqno: 902323
syn: 0
fin: 0
payload size: 4
seqno: 902327
syn: 0
fin: 0
payload size: 8
seqno: 902335
syn: 0
fin: 0
payload size: 2
seqno: 902337
syn: 0
fin: 0
payload size: 2
seqno: 902339
syn: 0
fin: 0
payload size: 6
seqno: 902345
syn: 0
fin: 0
payload size: 10
seqno: 902355
syn: 0
fin: 0
payload size: 2
seqno: 902357
syn: 0
fin: 0
payload size: 9
seqno: 902366
syn: 0
fin: 0
payload size: 1
seqno: 902367
syn: 0
fin: 0
payload size: 2
seqno: 902369
syn: 0
fin: 0
payload size: 5
seqno: 902374
syn: 0
fin: 0
payload size: 3
seqno: 902377
syn: 0
fin: 0
payload size: 1
seqno: 902378
syn: 0
fin: 0
payload size: 9
seqno: 902387
syn: 0
fin: 0
payload size: 9
seqno: 902396
syn: 0
fin: 0
payload size: 7
seqno: 902403
syn: 0
fin: 0
payload size: 9
seqno: 902412
syn: 0
fin: 0
payload size: 2
seqno: 902414
syn: 0
fin: 0
payload size: 3
seqno: 902417
syn: 0
fin: 0
payload size: 4
seqno: 902421
syn: 0
fin: 0
payload size: 5
seqno: 902426
syn: 0
fin: 0
payload size: 5
seqno: 902431
syn: 0
fin: 0
payload size: 5
seqno: 902436
syn: 0
fin: 0
payload size: 4
seqno: 902440
syn: 0
fin: 0
payload size: 4
seqno: 902444
syn: 0
fin: 0
payload size: 1
seqno: 902445
syn: 0
fin: 0
payload size: 5
seqno: 902450
syn: 0
fin: 0
payload size: 1
seqno: 902451
syn: 0
fin: 0
payload size: 9
seqno: 902460
syn: 0
fin: 0
payload size: 4
seqno: 902464
syn: 0
fin: 0
payload size: 6
seqno: 902470
syn: 0
fin: 0
payload size: 1
seqno: 902471
syn: 0
fin: 0
payload size: 3
seqno: 902474
syn: 0
fin: 0
payload size: 1
seqno: 902475
syn: 0
fin: 0
payload size: 10
seqno: 902485
syn: 0
fin: 0
payload size: 3
seqno: 902488
syn: 0
fin: 0
payload size: 6
seqno: 902494
syn: 0
fin: 0
payload size: 2
seqno: 902496
syn: 0
fin: 0
payload size: 4
seqno: 902500
syn: 0
fin: 0
payload size: 8
seqno: 902508
syn: 0
fin: 0
payload size: 9
seqno: 902517
syn: 0
fin: 0
payload size: 4
seqno: 902521
syn: 0
fin: 0
payload size: 6
seqno: 902527
syn: 0
fin: 0
payload size: 5
seqno: 902532
syn: 0
fin: 0
payload size: 4
seqno: 902536
syn: 0
[...]
fin: 0
payload size: 9
seqno: 947566
syn: 0
fin: 0
payload size: 4
seqno: 947570
syn: 0
fin: 0
payload size: 2
seqno: 947572
syn: 0
fin: 0
payload size: 8
seqno: 947580
syn: 0
fin: 0
payload size: 6
seqno: 947586
syn: 0
fin: 0
payload size: 5
seqno: 947591
syn: 0
fin: 0
payload size: 1
seqno: 947592
syn: 0
fin: 0
payload size: 5
seqno: 947597
syn: 0
fin: 0
payload size: 5
seqno: 947602
syn: 0
fin: 0
payload size: 8
seqno: 947610
syn: 0
fin: 0
payload size: 3
seqno: 947613
syn: 0
fin: 0
payload size: 9
seqno: 947622
syn: 0
fin: 0
payload size: 7
seqno: 947629
syn: 0
fin: 0
payload size: 4
seqno: 947633
syn: 0
fin: 0
payload size: 3
seqno: 947636
syn: 0
fin: 0
payload size: 1
seqno: 947637
syn: 0
fin: 0
payload size: 3
seqno: 947640
syn: 0
fin: 0
payload size: 4
seqno: 947644
syn: 0
fin: 0
payload size: 9
seqno: 947653
syn: 0
fin: 0
payload size: 7
seqno: 947660
syn: 0
fin: 0
payload size: 1
seqno: 947661
syn: 0
fin: 0
payload size: 2
seqno: 947663
syn: 0
fin: 0
payload size: 4
seqno: 947667
syn: 0
fin: 0
payload size: 3
seqno: 947670
syn: 0
fin: 0
payload size: 1
seqno: 947671
syn: 0
fin: 0
payload size: 5
seqno: 947676
syn: 0
fin: 0
payload size: 10
seqno: 947686
syn: 0
fin: 0
payload size: 3
seqno: 947689
syn: 0
fin: 0
payload size: 7
seqno: 947696
syn: 0
fin: 0
payload size: 5
seqno: 947701
syn: 0
fin: 0
payload size: 7
seqno: 947708
syn: 0
fin: 0
payload size: 3
seqno: 947711
syn: 0
fin: 0
payload size: 2
seqno: 947713
syn: 0
fin: 0
payload size: 7
seqno: 947720
syn: 0
fin: 0
payload size: 1
seqno: 947721
syn: 0
fin: 0
payload size: 3
seqno: 947724
syn: 0
fin: 0
payload size: 2
seqno: 947726
syn: 0
fin: 0
payload size: 2
seqno: 947728
syn: 0
fin: 0
payload size: 6
seqno: 947734
syn: 0
fin: 0
payload size: 2
seqno: 947736
syn: 0
fin: 0
payload size: 10
seqno: 947746
syn: 0
fin: 0
payload size: 5
seqno: 947751
syn: 0
fin: 0
payload size: 5
seqno: 947756
syn: 0
fin: 0
payload size: 4
seqno: 947760
syn: 0
fin: 0
payload size: 5
seqno: 947765
syn: 0
fin: 0
payload size: 7
seqno: 947772
syn: 0
fin: 0
payload size: 2
seqno: 947774
syn: 0
fin: 0
payload size: 5
seqno: 947779
syn: 0
fin: 0
payload size: 3
seqno: 947782
syn: 0
fin: 0
payload size: 1
seqno: 947783
syn: 0
fin: 0
payload size: 10
seqno: 947793
syn: 0
fin: 0
payload size: 3
seqno: 947796
syn: 0
fin: 0
payload size: 3
seqno: 947799
syn: 0
fin: 0
payload size: 2
seqno: 947801
syn: 0
fin: 0
payload size: 2
seqno: 947803
syn: 0
fin: 0
payload size: 2
seqno: 947805
syn: 0
fin: 0
payload size: 1
seqno: 947806
syn: 0
fin: 0
payload size: 1
seqno: 947807
syn: 0
fin: 0
payload size: 6
seqno: 947813
syn: 0
fin: 0
payload size: 6
seqno: 947819
syn: 0
fin: 0
payload size: 1
seqno: 947820
syn: 0
fin: 0
payload size: 5
seqno: 947825
syn: 0
fin: 0
payload size: 6
seqno: 947831
syn: 0
fin: 0
payload size: 6
seqno: 947837
syn: 0
fin: 0
payload size: 10
seqno: 947847
syn: 0
fin: 0
payload size: 6
seqno: 947853
syn: 0
fin: 0
payload size: 5
seqno: 947858
syn: 0
fin: 0
payload size: 7
seqno: 947865
syn: 0
fin: 0
payload size: 4
seqno: 947869
syn: 0
fin: 0
payload size: 6
seqno: 947875
syn: 0
fin: 0
payload size: 5
seqno: 947880
syn: 0
fin: 0
payload size: 3
seqno: 947883
syn: 0
fin: 0
payload size: 6
seqno: 947889
syn: 0
fin: 0
payload size: 6
seqno: 947895
syn: 0
fin: 0
payload size: 2
seqno: 947897
syn: 0
fin: 0
payload size: 3
seqno: 947900
syn: 0
fin: 0
payload size: 6
seqno: 947906
syn: 0
fin: 0
payload size: 8
seqno: 947914
syn: 0
fin: 0
payload size: 9
seqno: 947923
syn: 0
fin: 0
payload size: 10
seqno: 947933
syn: 0
fin: 0
payload size: 2
seqno: 947935
syn: 0
fin: 0
payload size: 6
seqno: 947941
syn: 0
fin: 0
payload size: 2
seqno: 947943
syn: 0
fin: 0
payload size: 9
seqno: 947952
syn: 0
fin: 0
payload size: 9
seqno: 947961
syn: 0
fin: 0
payload size: 8
seqno: 947969
syn: 0
fin: 0
payload size: 3
seqno: 947972
syn: 0
fin: 0
payload size: 2
seqno: 947974
syn: 0
fin: 0
payload size: 1
seqno: 947975
syn: 0
fin: 0
payload size: 1
seqno: 947976
syn: 0
fin: 0
payload size: 6
seqno: 947982
syn: 0
fin: 0
payload size: 2
seqno: 947984
syn: 0
fin: 0
payload size: 7
seqno: 947991
syn: 0
fin: 0
payload size: 6
seqno: 947997
syn: 0
fin: 0
payload size: 1
seqno: 947998
syn: 0
fin: 0
payload size: 4
seqno: 948002
syn: 0
fin: 0
payload size: 2
seqno: 948004
syn: 0
fin: 0
payload size: 2
seqno: 948006
syn: 0
fin: 0
payload size: 9
seqno: 948015
syn: 0
fin: 0
payload size: 1
seqno: 948016
syn: 0
fin: 0
payload size: 2
seqno: 948018
syn: 0
fin: 0
payload size: 8
seqno: 948026
syn: 0
fin: 0
payload size: 5
seqno: 948031
syn: 0
fin: 0
payload size: 4
seqno: 948035
syn: 0
fin: 0
payload size: 2
seqno: 948037
syn: 0
fin: 0
payload size: 8
seqno: 948045
syn: 0
fin: 0
payload size: 2
seqno: 948047
syn: 0
fin: 0
payload size: 10
seqno: 948057
syn: 0
fin: 0
payload size: 8
seqno: 948065
syn: 0
fin: 0
payload size: 4
seqno: 948069
syn: 0
fin: 0
payload size: 4
seqno: 948073
syn: 0
fin: 0
payload size: 9
seqno: 948082
syn: 0
fin: 0
payload size: 5
seqno: 948087
syn: 0
fin: 0
payload size: 5
seqno: 948092
syn: 0
fin: 0
payload size: 8
seqno: 948100
syn: 0
fin: 0
payload size: 4
seqno: 948104
syn: 0
fin: 0
payload size: 2
seqno: 948106
syn: 0
fin: 0
payload size: 3
seqno: 948109
syn: 0
fin: 0
payload size: 3
seqno: 948112
syn: 0
fin: 0
payload size: 8
seqno: 948120
syn: 0
fin: 0
payload size: 5
seqno: 948125
syn: 0
fin: 0
payload size: 9
seqno: 948134
syn: 0
fin: 0
payload size: 1
seqno: 948135
syn: 0
fin: 0
payload size: 8
seqno: 948143
syn: 0
fin: 0
payload size: 2
seqno: 948145
syn: 0
fin: 0
payload size: 5
seqno: 948150
syn: 0
fin: 0
payload size: 9
seqno: 948159
syn: 0
fin: 0
payload size: 2
seqno: 948161
syn: 0
fin: 0
payload size: 8
seqno: 948169
syn: 0
fin: 0
payload size: 6
seqno: 948175
syn: 0
fin: 0
payload size: 9
seqno: 948184
syn: 0
fin: 0
payload size: 5
seqno: 948189
syn: 0
fin: 0
payload size: 1
seqno: 948190
syn: 0
fin: 0
payload size: 9
seqno: 948199
syn: 0
fin: 0
payload size: 10
seqno: 948209
syn: 0
fin: 0
payload size: 5
seqno: 948214
syn: 0
fin: 0
payload size: 9
seqno: 948223
syn: 0
fin: 0
payload size: 6
seqno: 948229
syn: 0
fin: 0
payload size: 1
seqno: 238
syn: 1
fin: 0
payload size: 0
seqno: 239
syn: 0
fin: 0
payload size: 10
seqno: 249
syn: 0
fin: 0
payload size: 8
seqno: 257
syn: 0
fin: 0
payload size: 7
seqno: 264
syn: 0
fin: 0
payload size: 10
seqno: 274
syn: 0
fin: 0
payload size: 5
seqno: 279
syn: 0
fin: 0
payload size: 2
seqno: 281
syn: 0
fin: 0
payload size: 10
seqno: 291
syn: 0
fin: 0
payload size: 4
seqno: 295
syn: 0
fin: 0
payload size: 2
seqno: 297
syn: 0
fin: 0
payload size: 2
seqno: 299
syn: 0
fin: 0
payload size: 6
seqno: 305
syn: 0
fin: 0
payload size: 10
seqno: 315
syn: 0
fin: 0
payload size: 9
seqno: 324
syn: 0
fin: 0
payload size: 3
seqno: 327
syn: 0
fin: 0
payload size: 10
seqno: 337
syn: 0
fin: 0
payload size: 4
seqno: 341
syn: 0
fin: 0
payload size: 5
seqno: 346
syn: 0
fin: 0
payload size: 3
seqno: 349
syn: 0
fin: 0
payload size: 9
seqno: 358
syn: 0
fin: 0
payload size: 1
seqno: 359
syn: 0
fin: 0
payload size: 6
seqno: 365
syn: 0
fin: 0
payload size: 6
seqno: 371
syn: 0
fin: 0
payload size: 7
seqno: 378
syn: 0
fin: 0
payload size: 8
seqno: 386
syn: 0
fin: 0
payload size: 6
seqno: 392
syn: 0
fin: 0
payload size: 4
seqno: 396
syn: 0
fin: 0
payload size: 1
seqno: 397
syn: 0
fin: 0
payload size: 1
seqno: 398
syn: 0
fin: 0
payload size: 10
seqno: 408
syn: 0
fin: 0
payload size: 8
seqno: 416
syn: 0
fin: 0
payload size: 2
seqno: 418
syn: 0
fin: 0
payload size: 2
seqno: 420
syn: 0
fin: 0
payload size: 7
seqno: 427
syn: 0
fin: 0
payload size: 6
seqno: 433
syn: 0
fin: 0
payload size: 4
seqno: 437
syn: 0
fin: 0
payload size: 7
seqno: 444
syn: 0
fin: 0
payload size: 7
seqno: 451
syn: 0
fin: 0
payload size: 4
seqno: 455
syn: 0
fin: 0
payload size: 6
seqno: 461
syn: 0
fin: 0
payload size: 4
seqno: 465
syn: 0
fin: 0
payload size: 4
seqno: 469
syn: 0
fin: 0
payload size: 10
seqno: 479
syn: 0
fin: 0
payload size: 1
seqno: 480
syn: 0
fin: 0
payload size: 3
seqno: 483
syn: 0
fin: 0
payload size: 8
seqno: 491
syn: 0
fin: 0
payload size: 10
seqno: 501
syn: 0
fin: 0
payload size: 9
seqno: 510
syn: 0
fin: 0
payload size: 2
seqno: 512
syn: 0
fin: 0
payload size: 9
seqno: 521
syn: 0
fin: 0
payload size: 9
seqno: 530
syn: 0
fin: 0
payload size: 7
seqno: 537
syn: 0
fin: 0
payload size: 2
seqno: 539
syn: 0
fin: 0
payload size: 3
seqno: 542
syn: 0
fin: 0
payload size: 8
seqno: 550
syn: 0
fin: 0
payload size: 5
seqno: 555
syn: 0
fin: 0
payload size: 8
seqno: 563
syn: 0
fin: 0
payload size: 8
seqno: 571
syn: 0
fin: 0
payload size: 4
seqno: 575
syn: 0
fin: 0
payload size: 8
seqno: 583
syn: 0
fin: 0
payload size: 8
seqno: 591
syn: 0
fin: 0
payload size: 1
seqno: 592
syn: 0
fin: 0
payload size: 5
seqno: 597
syn: 0
fin: 0
payload size: 2
seqno: 599
syn: 0
fin: 0
payload size: 3
seqno: 602
syn: 0
fin: 0
payload size: 9
seqno: 611
syn: 0
fin: 0
payload size: 4
seqno: 615
syn: 0
fin: 0
payload size: 8
seqno: 623
syn: 0
fin: 0
payload size: 2
seqno: 625
syn: 0
fin: 0
payload size: 5
seqno: 630
syn: 0
fin: 0
payload size: 3
seqno: 633
syn: 0
fin: 0
payload size: 6
seqno: 639
syn: 0
fin: 0
payload size: 8
seqno: 647
syn: 0
fin: 0
payload size: 1
seqno: 648
syn: 0
fin: 0
payload size: 1
seqno: 649
syn: 0
fin: 0
payload size: 5
seqno: 654
syn: 0
fin: 0
payload size: 3
seqno: 657
syn: 0
fin: 0
payload size: 6
seqno: 663
syn: 0
fin: 0
payload size: 7
seqno: 670
syn: 0
fin: 0
payload size: 3
seqno: 673
syn: 0
fin: 0
payload size: 10
seqno: 683
syn: 0
fin: 0
payload size: 4
seqno: 687
syn: 0
fin: 0
payload size: 9
seqno: 696
syn: 0
fin: 0
payload size: 9
seqno: 705
syn: 0
fin: 0
payload size: 5
seqno: 710
syn: 0
fin: 0
payload size: 4
seqno: 714
syn: 0
fin: 0
payload size: 9
seqno: 723
syn: 0
fin: 0
payload size: 8
seqno: 731
syn: 0
fin: 0
payload size: 8
seqno: 739
syn: 0
fin: 0
payload size: 6
seqno: 745
syn: 0
fin: 0
payload size: 7
seqno: 752
syn: 0
fin: 0
payload size: 7
seqno: 759
syn: 0
fin: 0
payload size: 5
seqno: 764
syn: 0
fin: 0
payload size: 10
seqno: 774
syn: 0
fin: 0
payload size: 2
seqno: 776
syn: 0
fin: 0
payload size: 3
seqno: 779
syn: 0
fin: 0
payload size: 2
seqno: 781
syn: 0
fin: 0
payload size: 3
seqno: 784
syn: 0
fin: 0
payload size: 8
seqno: 792
syn: 0
fin: 0
payload size: 5
seqno: 797
syn: 0
fin: 0
payload size: 6
<end of output>
Test time =   0.32 sec
----------------------------------------------------------
Test Passed.
"recv_transmit" end time: Oct 07 02:03 IST
"recv_transmit" time elapsed: 00:00:00
----------------------------------------------------------

12/23 Testing: recv_window
12/23 Test: recv_window
Command: "/home/rag/Desktop/CN/ComputerNetworks/Ass2/assignment2/build/tests/recv_window"
Directory: /home/rag/Desktop/CN/ComputerNetworks/Ass2/assignment2/build/tests
"recv_window" start time: Oct 07 02:03 IST
Output:
----------------------------------------------------------
seqno: 23452
syn: 1
fin: 0
payload size: 0
seqno: 23453
syn: 0
fin: 0
payload size: 4
seqno: 23461
syn: 0
fin: 0
payload size: 4
seqno: 23457
syn: 0
fin: 0
payload size: 4
seqno: 23452
syn: 1
fin: 0
payload size: 0
seqno: 23453
syn: 0
fin: 0
payload size: 4
seqno: 23452
syn: 1
fin: 0
payload size: 0
seqno: 23454
syn: 0
fin: 0
payload size: 2
seqno: 23453
syn: 0
fin: 0
payload size: 1
seqno: 294058
syn: 1
fin: 0
payload size: 0
seqno: 294059
syn: 0
fin: 0
payload size: 2
seqno: 294059
syn: 0
fin: 0
payload size: 3
seqno: 23452
syn: 1
fin: 0
payload size: 0
seqno: 23453
syn: 0
fin: 0
payload size: 2
seqno: 23455
syn: 0
fin: 0
payload size: 4
seqno: 23452
syn: 1
fin: 0
payload size: 0
seqno: 23453
syn: 0
fin: 0
payload size: 2
seqno: 23455
syn: 0
fin: 0
payload size: 2
seqno: 23452
syn: 1
fin: 0
payload size: 0
seqno: 23452
syn: 0
fin: 0
payload size: 1
<end of output>
Test time =   0.01 sec
----------------------------------------------------------
Test Passed.
"recv_window" end time: Oct 07 02:03 IST
"recv_window" time elapsed: 00:00:00
----------------------------------------------------------

13/23 Testing: recv_reorder
13/23 Test: recv_reorder
Command: "/home/rag/Desktop/CN/ComputerNetworks/Ass2/assignment2/build/tests/recv_reorder"
Directory: /home/rag/Desktop/CN/ComputerNetworks/Ass2/assignment2/build/tests
"recv_reorder" start time: Oct 07 02:03 IST
Output:
----------------------------------------------------------
seqno: 114331957
syn: 1
fin: 0
payload size: 0
seqno: 114331967
syn: 0
fin: 0
payload size: 4
seqno: 3218054067
syn: 1
fin: 0
payload size: 0
seqno: 3218054072
syn: 0
fin: 0
payload size: 1
seqno: 3218054074
syn: 0
fin: 0
payload size: 1
seqno: 3218054070
syn: 0
fin: 0
payload size: 1
seqno: 3218054068
syn: 0
fin: 0
payload size: 2
seqno: 3218054073
syn: 0
fin: 0
payload size: 1
seqno: 3218054071
syn: 0
fin: 0
payload size: 1
<end of output>
Test time =   0.01 sec
----------------------------------------------------------
Test Passed.
"recv_reorder" end time: Oct 07 02:03 IST
"recv_reorder" time elapsed: 00:00:00
----------------------------------------------------------

14/23 Testing: recv_close
14/23 Test: recv_close
Command: "/home/rag/Desktop/CN/ComputerNetworks/Ass2/assignment2/build/tests/recv_close"
Directory: /home/rag/Desktop/CN/ComputerNetworks/Ass2/assignment2/build/tests
"recv_close" start time: Oct 07 02:03 IST
Output:
----------------------------------------------------------
seqno: 811248858
syn: 1
fin: 0
payload size: 0
seqno: 811248859
syn: 0
fin: 1
payload size: 0
seqno: 2321553598
syn: 1
fin: 0
payload size: 0
seqno: 2321553599
syn: 0
fin: 1
payload size: 1
<end of output>
Test time =   0.00 sec
----------------------------------------------------------
Test Passed.
"recv_close" end time: Oct 07 02:03 IST
"recv_close" time elapsed: 00:00:00
----------------------------------------------------------

15/23 Testing: recv_special
15/23 Test: recv_special
Command: "/home/rag/Desktop/CN/ComputerNetworks/Ass2/assignment2/build/tests/recv_special"
Directory: /home/rag/Desktop/CN/ComputerNetworks/Ass2/assignment2/build/tests
"recv_special" start time: Oct 07 02:03 IST
Output:
----------------------------------------------------------
Basic reassembly test passed!
Out-of-order reassembly test passed!
Overlapping reassembly test passed!
EOF reassembly test passed!
StreamReassembler push_substring test passed!
All tests passed!
<end of output>
Test time =   0.00 sec
----------------------------------------------------------
Test Passed.
"recv_special" end time: Oct 07 02:03 IST
"recv_special" time elapsed: 00:00:00
----------------------------------------------------------

16/23 Testing: fsm_stream_reassembler_cap
16/23 Test: fsm_stream_reassembler_cap
Command: "/home/rag/Desktop/CN/ComputerNetworks/Ass2/assignment2/build/tests/fsm_stream_reassembler_cap"
Directory: /home/rag/Desktop/CN/ComputerNetworks/Ass2/assignment2/build/tests
"fsm_stream_reassembler_cap" start time: Oct 07 02:03 IST
Output:
----------------------------------------------------------
-------------------------------------
<end of output>
Test time =   0.20 sec
----------------------------------------------------------
Test Passed.
"fsm_stream_reassembler_cap" end time: Oct 07 02:03 IST
"fsm_stream_reassembler_cap" time elapsed: 00:00:00
----------------------------------------------------------

17/23 Testing: fsm_stream_reassembler_single
17/23 Test: fsm_stream_reassembler_single
Command: "/home/rag/Desktop/CN/ComputerNetworks/Ass2/assignment2/build/tests/fsm_stream_reassembler_single"
Directory: /home/rag/Desktop/CN/ComputerNetworks/Ass2/assignment2/build/tests
"fsm_stream_reassembler_single" start time: Oct 07 02:03 IST
Output:
----------------------------------------------------------
<end of output>
Test time =   0.00 sec
----------------------------------------------------------
Test Passed.
"fsm_stream_reassembler_single" end time: Oct 07 02:03 IST
"fsm_stream_reassembler_single" time elapsed: 00:00:00
----------------------------------------------------------

18/23 Testing: fsm_stream_reassembler_seq
18/23 Test: fsm_stream_reassembler_seq
Command: "/home/rag/Desktop/CN/ComputerNetworks/Ass2/assignment2/build/tests/fsm_stream_reassembler_seq"
Directory: /home/rag/Desktop/CN/ComputerNetworks/Ass2/assignment2/build/tests
"fsm_stream_reassembler_seq" start time: Oct 07 02:03 IST
Output:
----------------------------------------------------------
<end of output>
Test time =   0.01 sec
----------------------------------------------------------
Test Passed.
"fsm_stream_reassembler_seq" end time: Oct 07 02:03 IST
"fsm_stream_reassembler_seq" time elapsed: 00:00:00
----------------------------------------------------------

19/23 Testing: fsm_stream_reassembler_dup
19/23 Test: fsm_stream_reassembler_dup
Command: "/home/rag/Desktop/CN/ComputerNetworks/Ass2/assignment2/build/tests/fsm_stream_reassembler_dup"
Directory: /home/rag/Desktop/CN/ComputerNetworks/Ass2/assignment2/build/tests
"fsm_stream_reassembler_dup" start time: Oct 07 02:03 IST
Output:
----------------------------------------------------------
<end of output>
Test time =   0.01 sec
----------------------------------------------------------
Test Passed.
"fsm_stream_reassembler_dup" end time: Oct 07 02:03 IST
"fsm_stream_reassembler_dup" time elapsed: 00:00:00
----------------------------------------------------------

20/23 Testing: fsm_stream_reassembler_holes
20/23 Test: fsm_stream_reassembler_holes
Command: "/home/rag/Desktop/CN/ComputerNetworks/Ass2/assignment2/build/tests/fsm_stream_reassembler_holes"
Directory: /home/rag/Desktop/CN/ComputerNetworks/Ass2/assignment2/build/tests
"fsm_stream_reassembler_holes" start time: Oct 07 02:03 IST
Output:
----------------------------------------------------------
<end of output>
Test time =   0.00 sec
----------------------------------------------------------
Test Passed.
"fsm_stream_reassembler_holes" end time: Oct 07 02:03 IST
"fsm_stream_reassembler_holes" time elapsed: 00:00:00
----------------------------------------------------------

21/23 Testing: fsm_stream_reassembler_many
21/23 Test: fsm_stream_reassembler_many
Command: "/home/rag/Desktop/CN/ComputerNetworks/Ass2/assignment2/build/tests/fsm_stream_reassembler_many"
Directory: /home/rag/Desktop/CN/ComputerNetworks/Ass2/assignment2/build/tests
"fsm_stream_reassembler_many" start time: Oct 07 02:03 IST
Output:
----------------------------------------------------------
<end of output>
Test time =   0.32 sec
----------------------------------------------------------
Test Passed.
"fsm_stream_reassembler_many" end time: Oct 07 02:03 IST
"fsm_stream_reassembler_many" time elapsed: 00:00:00
----------------------------------------------------------

22/23 Testing: fsm_stream_reassembler_overlapping
22/23 Test: fsm_stream_reassembler_overlapping
Command: "/home/rag/Desktop/CN/ComputerNetworks/Ass2/assignment2/build/tests/fsm_stream_reassembler_overlapping"
Directory: /home/rag/Desktop/CN/ComputerNetworks/Ass2/assignment2/build/tests
"fsm_stream_reassembler_overlapping" start time: Oct 07 02:03 IST
Output:
----------------------------------------------------------
<end of output>
Test time =   0.00 sec
----------------------------------------------------------
Test Passed.
"fsm_stream_reassembler_overlapping" end time: Oct 07 02:03 IST
"fsm_stream_reassembler_overlapping" time elapsed: 00:00:00
----------------------------------------------------------

23/23 Testing: fsm_stream_reassembler_win
23/23 Test: fsm_stream_reassembler_win
Command: "/home/rag/Desktop/CN/ComputerNetworks/Ass2/assignment2/build/tests/fsm_stream_reassembler_win"
Directory: /home/rag/Desktop/CN/ComputerNetworks/Ass2/assignment2/build/tests
"fsm_stream_reassembler_win" start time: Oct 07 02:03 IST
Output:
----------------------------------------------------------
<end of output>
Test time =   0.30 sec
----------------------------------------------------------
Test Passed.
"fsm_stream_reassembler_win" end time: Oct 07 02:03 IST
"fsm_stream_reassembler_win" time elapsed: 00:00:00
----------------------------------------------------------

End testing: Oct 07 02:03 IST
